Log file open, 06/17/21 13:02:32
LogInit:Display: Running engine for game: MainMenu
LogPlatformFile: Not using cached read wrapper
LogInit:Display: RandInit(271949983) SRandInit(271949983).
LogTaskGraph: Started task graph with 5 named threads and 10 total threads with 1 sets of task threads.
LogStats: Stats thread started at 0.122064
LogPluginManager: Loaded Plugin Paper2D, From C:/Program Files/Epic Games/UE_4.13/Engine/Plugins/2D/Paper2D/Paper2D.uplugin
LogPluginManager: Loaded Plugin LightPropagationVolume, From C:/Program Files/Epic Games/UE_4.13/Engine/Plugins/Blendables/LightPropagationVolume/LightPropagationVolume.uplugin
LogPluginManager: Loaded Plugin BlankPlugin, From C:/Program Files/Epic Games/UE_4.13/Engine/Plugins/Developer/BlankPlugin/BlankPlugin.uplugin
LogPluginManager: Loaded Plugin CodeLiteSourceCodeAccess, From C:/Program Files/Epic Games/UE_4.13/Engine/Plugins/Developer/CodeLiteSourceCodeAccess/CodeLiteSourceCodeAccess.uplugin
LogPluginManager: Loaded Plugin GitSourceControl, From C:/Program Files/Epic Games/UE_4.13/Engine/Plugins/Developer/GitSourceControl/GitSourceControl.uplugin
LogPluginManager: Loaded Plugin KDevelopSourceCodeAccess, From C:/Program Files/Epic Games/UE_4.13/Engine/Plugins/Developer/KDevelopSourceCodeAccess/KDevelopSourceCodeAccess.uplugin
LogPluginManager: Loaded Plugin NullSourceCodeAccess, From C:/Program Files/Epic Games/UE_4.13/Engine/Plugins/Developer/NullSourceCodeAccess/NullSourceCodeAccess.uplugin
LogPluginManager: Loaded Plugin OneSkyLocalizationService, From C:/Program Files/Epic Games/UE_4.13/Engine/Plugins/Developer/OneSkyLocalizationService/OneSkyLocalizationService.uplugin
LogPluginManager: Loaded Plugin PerforceSourceControl, From C:/Program Files/Epic Games/UE_4.13/Engine/Plugins/Developer/PerforceSourceControl/PerforceSourceControl.uplugin
LogPluginManager: Loaded Plugin SubversionSourceControl, From C:/Program Files/Epic Games/UE_4.13/Engine/Plugins/Developer/SubversionSourceControl/SubversionSourceControl.uplugin
LogPluginManager: Loaded Plugin UObjectPlugin, From C:/Program Files/Epic Games/UE_4.13/Engine/Plugins/Developer/UObjectPlugin/UObjectPlugin.uplugin
LogPluginManager: Loaded Plugin VisualStudioSourceCodeAccess, From C:/Program Files/Epic Games/UE_4.13/Engine/Plugins/Developer/VisualStudioSourceCodeAccess/VisualStudioSourceCodeAccess.uplugin
LogPluginManager: Loaded Plugin XCodeSourceCodeAccess, From C:/Program Files/Epic Games/UE_4.13/Engine/Plugins/Developer/XCodeSourceCodeAccess/XCodeSourceCodeAccess.uplugin
LogPluginManager: Loaded Plugin EpicSurvey, From C:/Program Files/Epic Games/UE_4.13/Engine/Plugins/Editor/EpicSurvey/EpicSurvey.uplugin
LogPluginManager: Loaded Plugin MacGraphicsSwitching, From C:/Program Files/Epic Games/UE_4.13/Engine/Plugins/Editor/MacGraphicsSwitching/MacGraphicsSwitching.uplugin
LogPluginManager: Loaded Plugin MobileLauncherProfileWizard, From C:/Program Files/Epic Games/UE_4.13/Engine/Plugins/Editor/MobileLauncherProfileWizard/MobileLauncherProfileWizard.uplugin
LogPluginManager: Loaded Plugin PluginBrowser, From C:/Program Files/Epic Games/UE_4.13/Engine/Plugins/Editor/PluginBrowser/PluginBrowser.uplugin
LogPluginManager: Loaded Plugin SpeedTreeImporter, From C:/Program Files/Epic Games/UE_4.13/Engine/Plugins/Editor/SpeedTreeImporter/SpeedTreeImporter.uplugin
LogPluginManager: Loaded Plugin SuperSearchEditor, From C:/Program Files/Epic Games/UE_4.13/Engine/Plugins/Editor/SuperSearchEditor/SuperSearchEditor.uplugin
LogPluginManager: Loaded Plugin AlembicImporter, From C:/Program Files/Epic Games/UE_4.13/Engine/Plugins/Experimental/AlembicImporter/AlembicImporter.uplugin
LogPluginManager: Loaded Plugin BlueprintStats, From C:/Program Files/Epic Games/UE_4.13/Engine/Plugins/Experimental/BlueprintStats/BlueprintStats.uplugin
LogPluginManager: Loaded Plugin CharacterAI, From C:/Program Files/Epic Games/UE_4.13/Engine/Plugins/Experimental/CharacterAI/CharacterAI.uplugin
LogPluginManager: Loaded Plugin CodeEditor, From C:/Program Files/Epic Games/UE_4.13/Engine/Plugins/Experimental/CodeEditor/CodeEditor.uplugin
LogPluginManager: Loaded Plugin CodeView, From C:/Program Files/Epic Games/UE_4.13/Engine/Plugins/Experimental/CodeView/CodeView.uplugin
LogPluginManager: Loaded Plugin HTML5Networking, From C:/Program Files/Epic Games/UE_4.13/Engine/Plugins/Experimental/HTML5Networking/HTML5Networking.uplugin
LogPluginManager: Loaded Plugin LiveEditor, From C:/Program Files/Epic Games/UE_4.13/Engine/Plugins/Experimental/LiveEditor/LiveEditor.uplugin
LogPluginManager: Loaded Plugin OSVR, From C:/Program Files/Epic Games/UE_4.13/Engine/Plugins/Experimental/OSVR/OSVR.uplugin
LogPluginManager: Loaded Plugin Phya, From C:/Program Files/Epic Games/UE_4.13/Engine/Plugins/Experimental/Phya/Phya.uplugin
LogPluginManager: Loaded Plugin SignificanceManager, From C:/Program Files/Epic Games/UE_4.13/Engine/Plugins/Experimental/SignificanceManager/SignificanceManager.uplugin
LogPluginManager: Loaded Plugin SimpleHMD, From C:/Program Files/Epic Games/UE_4.13/Engine/Plugins/Experimental/SimpleHMD/SimpleHMD.uplugin
LogPluginManager: Loaded Plugin StereoPanorama, From C:/Program Files/Epic Games/UE_4.13/Engine/Plugins/Experimental/StereoPanorama/StereoPanorama.uplugin
LogPluginManager: Loaded Plugin StructBox, From C:/Program Files/Epic Games/UE_4.13/Engine/Plugins/Experimental/StructBox/StructBox.uplugin
LogPluginManager: Loaded Plugin AndroidMedia, From C:/Program Files/Epic Games/UE_4.13/Engine/Plugins/Media/AndroidMedia/AndroidMedia.uplugin
LogPluginManager: Loaded Plugin AvfMedia, From C:/Program Files/Epic Games/UE_4.13/Engine/Plugins/Media/AvfMedia/AvfMedia.uplugin
LogPluginManager: Loaded Plugin MediaPlayerEditor, From C:/Program Files/Epic Games/UE_4.13/Engine/Plugins/Media/MediaPlayerEditor/MediaPlayerEditor.uplugin
LogPluginManager: Loaded Plugin WmfMedia, From C:/Program Files/Epic Games/UE_4.13/Engine/Plugins/Media/WmfMedia/WmfMedia.uplugin
LogPluginManager: Loaded Plugin MessagingDebugger, From C:/Program Files/Epic Games/UE_4.13/Engine/Plugins/Messaging/MessagingDebugger/MessagingDebugger.uplugin
LogPluginManager: Loaded Plugin TcpMessaging, From C:/Program Files/Epic Games/UE_4.13/Engine/Plugins/Messaging/TcpMessaging/TcpMessaging.uplugin
LogPluginManager: Loaded Plugin UdpMessaging, From C:/Program Files/Epic Games/UE_4.13/Engine/Plugins/Messaging/UdpMessaging/UdpMessaging.uplugin
LogPluginManager: Loaded Plugin LevelSequenceEditor, From C:/Program Files/Epic Games/UE_4.13/Engine/Plugins/MovieScene/LevelSequenceEditor/LevelSequenceEditor.uplugin
LogPluginManager: Loaded Plugin MatineeToLevelSequence, From C:/Program Files/Epic Games/UE_4.13/Engine/Plugins/MovieScene/MatineeToLevelSequence/MatineeToLevelSequence.uplugin
LogPluginManager: Loaded Plugin NetcodeUnitTest, From C:/Program Files/Epic Games/UE_4.13/Engine/Plugins/NetcodeUnitTest/NetcodeUnitTest/NetcodeUnitTest.uplugin
LogPluginManager: Loaded Plugin NUTUnrealEngine4, From C:/Program Files/Epic Games/UE_4.13/Engine/Plugins/NetcodeUnitTest/NUTUnrealEngine4/NUTUnrealEngine4.uplugin
LogPluginManager: Loaded Plugin OnlineSubsystemGooglePlay, From C:/Program Files/Epic Games/UE_4.13/Engine/Plugins/Online/Android/OnlineSubsystemGooglePlay/OnlineSubsystemGooglePlay.uplugin
LogPluginManager: Loaded Plugin OnlineSubsystemIOS, From C:/Program Files/Epic Games/UE_4.13/Engine/Plugins/Online/IOS/OnlineSubsystemIOS/OnlineSubsystemIOS.uplugin
LogPluginManager: Loaded Plugin OnlineFramework, From C:/Program Files/Epic Games/UE_4.13/Engine/Plugins/Online/OnlineFramework/OnlineFramework.uplugin
LogPluginManager: Loaded Plugin OnlineSubsystem, From C:/Program Files/Epic Games/UE_4.13/Engine/Plugins/Online/OnlineSubsystem/OnlineSubsystem.uplugin
LogPluginManager: Loaded Plugin OnlineSubsystemAmazon, From C:/Program Files/Epic Games/UE_4.13/Engine/Plugins/Online/OnlineSubsystemAmazon/OnlineSubsystemAmazon.uplugin
LogPluginManager: Loaded Plugin OnlineSubsystemFacebook, From C:/Program Files/Epic Games/UE_4.13/Engine/Plugins/Online/OnlineSubsystemFacebook/OnlineSubsystemFacebook.uplugin
LogPluginManager: Loaded Plugin OnlineSubsystemNull, From C:/Program Files/Epic Games/UE_4.13/Engine/Plugins/Online/OnlineSubsystemNull/OnlineSubsystemNull.uplugin
LogPluginManager: Loaded Plugin OnlineSubsystemOculus, From C:/Program Files/Epic Games/UE_4.13/Engine/Plugins/Online/OnlineSubsystemOculus/OnlineSubsystemOculus.uplugin
LogPluginManager: Loaded Plugin OnlineSubsystemSteam, From C:/Program Files/Epic Games/UE_4.13/Engine/Plugins/Online/OnlineSubsystemSteam/OnlineSubsystemSteam.uplugin
LogPluginManager: Loaded Plugin OnlineSubsystemUtils, From C:/Program Files/Epic Games/UE_4.13/Engine/Plugins/Online/OnlineSubsystemUtils/OnlineSubsystemUtils.uplugin
LogPluginManager: Loaded Plugin IOSTapJoy, From C:/Program Files/Epic Games/UE_4.13/Engine/Plugins/Runtime/Advertising/IOSTapJoy/IOSTapJoy.uplugin
LogPluginManager: Loaded Plugin AnalyticsBlueprintLibrary, From C:/Program Files/Epic Games/UE_4.13/Engine/Plugins/Runtime/Analytics/AnalyticsBlueprintLibrary/AnalyticsBlueprintLibrary.uplugin
LogPluginManager: Loaded Plugin AnalyticsMulticast, From C:/Program Files/Epic Games/UE_4.13/Engine/Plugins/Runtime/Analytics/AnalyticsMulticast/AnalyticsMulticast.uplugin
LogPluginManager: Loaded Plugin Apsalar, From C:/Program Files/Epic Games/UE_4.13/Engine/Plugins/Runtime/Analytics/Apsalar/Apsalar.uplugin
LogPluginManager: Loaded Plugin FileLogging, From C:/Program Files/Epic Games/UE_4.13/Engine/Plugins/Runtime/Analytics/FileLogging/FileLogging.uplugin
LogPluginManager: Loaded Plugin Flurry, From C:/Program Files/Epic Games/UE_4.13/Engine/Plugins/Runtime/Analytics/Flurry/Flurry.uplugin
LogPluginManager: Loaded Plugin AndroidDeviceProfileSelector, From C:/Program Files/Epic Games/UE_4.13/Engine/Plugins/Runtime/AndroidDeviceProfileSelector/AndroidDeviceProfileSelector.uplugin
LogPluginManager: Loaded Plugin AndroidMoviePlayer, From C:/Program Files/Epic Games/UE_4.13/Engine/Plugins/Runtime/AndroidMoviePlayer/AndroidMoviePlayer.uplugin
LogPluginManager: Loaded Plugin AppleMoviePlayer, From C:/Program Files/Epic Games/UE_4.13/Engine/Plugins/Runtime/AppleMoviePlayer/AppleMoviePlayer.uplugin
LogPluginManager: Loaded Plugin ArchVisCharacter, From C:/Program Files/Epic Games/UE_4.13/Engine/Plugins/Runtime/ArchVisCharacter/ArchVisCharacter.uplugin
LogPluginManager: Loaded Plugin CableComponent, From C:/Program Files/Epic Games/UE_4.13/Engine/Plugins/Runtime/CableComponent/CableComponent.uplugin
LogPluginManager: Loaded Plugin CustomMeshComponent, From C:/Program Files/Epic Games/UE_4.13/Engine/Plugins/Runtime/CustomMeshComponent/CustomMeshComponent.uplugin
LogPluginManager: Loaded Plugin ExampleDeviceProfileSelector, From C:/Program Files/Epic Games/UE_4.13/Engine/Plugins/Runtime/ExampleDeviceProfileSelector/ExampleDeviceProfileSelector.uplugin
LogPluginManager: Loaded Plugin GearVR, From C:/Program Files/Epic Games/UE_4.13/Engine/Plugins/Runtime/GearVR/GearVR.uplugin
LogPluginManager: Loaded Plugin GoogleVRController, From C:/Program Files/Epic Games/UE_4.13/Engine/Plugins/Runtime/GoogleVR/GoogleVRController/GoogleVRController.uplugin
LogPluginManager: Loaded Plugin GoogleVRHMD, From C:/Program Files/Epic Games/UE_4.13/Engine/Plugins/Runtime/GoogleVR/GoogleVRHMD/GoogleVRHMD.uplugin
LogPluginManager: Loaded Plugin IOSDeviceProfileSelector, From C:/Program Files/Epic Games/UE_4.13/Engine/Plugins/Runtime/IOSDeviceProfileSelector/IOSDeviceProfileSelector.uplugin
LogPluginManager: Loaded Plugin LeapMotion, From C:/Program Files/Epic Games/UE_4.13/Engine/Plugins/Runtime/LeapMotion/LeapMotion.uplugin
LogPluginManager: Loaded Plugin LinuxDeviceProfileSelector, From C:/Program Files/Epic Games/UE_4.13/Engine/Plugins/Runtime/LinuxDeviceProfileSelector/LinuxDeviceProfileSelector.uplugin
LogPluginManager: Loaded Plugin LiveEditorListenServer, From C:/Program Files/Epic Games/UE_4.13/Engine/Plugins/Runtime/LiveEditorListenServer/LiveEditorListenServer.uplugin
LogPluginManager: Loaded Plugin OculusAudio, From C:/Program Files/Epic Games/UE_4.13/Engine/Plugins/Runtime/OculusAudio/OculusAudio.uplugin
LogPluginManager: Loaded Plugin OculusInput, From C:/Program Files/Epic Games/UE_4.13/Engine/Plugins/Runtime/OculusInput/OculusInput.uplugin
LogPluginManager: Loaded Plugin OculusLibrary, From C:/Program Files/Epic Games/UE_4.13/Engine/Plugins/Runtime/OculusLibrary/OculusLibrary.uplugin
LogPluginManager: Loaded Plugin OculusRift, From C:/Program Files/Epic Games/UE_4.13/Engine/Plugins/Runtime/OculusRift/OculusRift.uplugin
LogPluginManager: Loaded Plugin Oodle, From C:/Program Files/Epic Games/UE_4.13/Engine/Plugins/Runtime/PacketHandlers/CompressionComponents/Oodle/Oodle.uplugin
LogPluginManager: Loaded Plugin ProceduralMeshComponent, From C:/Program Files/Epic Games/UE_4.13/Engine/Plugins/Runtime/ProceduralMeshComponent/ProceduralMeshComponent.uplugin
LogPluginManager: Loaded Plugin SoundMod, From C:/Program Files/Epic Games/UE_4.13/Engine/Plugins/Runtime/SoundMod/SoundMod.uplugin
LogPluginManager: Loaded Plugin SoundVisualizations, From C:/Program Files/Epic Games/UE_4.13/Engine/Plugins/Runtime/SoundVisualizations/SoundVisualizations.uplugin
LogPluginManager: Loaded Plugin SteamController, From C:/Program Files/Epic Games/UE_4.13/Engine/Plugins/Runtime/Steam/SteamController/SteamController.uplugin
LogPluginManager: Loaded Plugin SteamVR, From C:/Program Files/Epic Games/UE_4.13/Engine/Plugins/Runtime/Steam/SteamVR/SteamVR.uplugin
LogPluginManager: Loaded Plugin WebBrowserWidget, From C:/Program Files/Epic Games/UE_4.13/Engine/Plugins/Runtime/WebBrowserWidget/WebBrowserWidget.uplugin
LogPluginManager: Loaded Plugin WindowsDeviceProfileSelector, From C:/Program Files/Epic Games/UE_4.13/Engine/Plugins/Runtime/WindowsDeviceProfileSelector/WindowsDeviceProfileSelector.uplugin
LogPluginManager: Loaded Plugin WindowsMoviePlayer, From C:/Program Files/Epic Games/UE_4.13/Engine/Plugins/Runtime/WindowsMoviePlayer/WindowsMoviePlayer.uplugin
LogPluginManager: Loaded Plugin ScriptPlugin, From C:/Program Files/Epic Games/UE_4.13/Engine/Plugins/ScriptPlugin/ScriptPlugin.uplugin
LogPluginManager: Loaded Plugin SlateRemote, From C:/Program Files/Epic Games/UE_4.13/Engine/Plugins/Slate/SlateRemote/SlateRemote.uplugin
LogInit: Using libcurl 7.47.1
LogInit:  - built for x86_64-pc-win32
LogInit:  - supports SSL with WinSSL
LogInit:  - other features:
LogInit:      CURL_VERSION_SSL
LogInit:      CURL_VERSION_IPV6
LogInit:      CURL_VERSION_ASYNCHDNS
LogInit:      CURL_VERSION_LARGEFILE
LogInit:      CURL_VERSION_IDN
LogInit:  CurlRequestOptions (configurable via config and command line):
LogInit:  - bVerifyPeer = false  - Libcurl will NOT verify peer certificate
LogInit:  - bUseHttpProxy = false  - Libcurl will NOT use HTTP proxy
LogInit:  - bDontReuseConnections = false  - Libcurl will reuse connections
LogInit:  - CertBundlePath = nullptr  - Libcurl will use whatever was configured at build time.
LogInit: Build: ++UE4+Release-4.13-CL-3172292
LogInit: Engine Version: 4.13.2-3172292+++UE4+Release-4.13
LogInit: Compatible Engine Version: 4.13.0-3106830+++UE4+Release-4.13
LogInit: Net CL: 3172292
LogDevObjectVersion: Number of dev versions registered: 13
LogDevObjectVersion:   Dev-Blueprints (B0D832E4-1F89-4F0D-ACCF-7EB736FD4AA2): 5
LogDevObjectVersion:   Dev-Build (E1C64328-A22C-4D53-A36C-8E866417BD8C): 0
LogDevObjectVersion:   Dev-Core (375EC13C-06E4-48FB-B500-84F0262A717E): 1
LogDevObjectVersion:   Dev-Editor (E4B068ED-F494-42E9-A231-DA0B2E46BB41): 6
LogDevObjectVersion:   Dev-Framework (CFFC743F-43B0-4480-9391-14DF171D2073): 12
LogDevObjectVersion:   Dev-Mobile (B02B49B5-BB20-44E9-A304-32B752E40360): 0
LogDevObjectVersion:   Dev-Networking (A4E4105C-59A1-49B5-A7C5-40C4547EDFEE): 0
LogDevObjectVersion:   Dev-Online (39C831C9-5AE6-47DC-9A44-9C173E1C8E7C): 0
LogDevObjectVersion:   Dev-Physics (78F01B33-EBEA-4F98-B9B4-84EACCB95AA2): 0
LogDevObjectVersion:   Dev-Platform (6631380F-2D4D-43E0-8009-CF276956A95A): 0
LogDevObjectVersion:   Dev-Rendering (12F88B9F-8875-4AFC-A67C-D90C383ABD29): 4
LogDevObjectVersion:   Dev-Sequencer (7B5AE74C-D270-4C10-A958-57980B212A5A): 0
LogDevObjectVersion:   Dev-VR (D7296918-1DD6-4BDD-9DE2-64A83CC13884): 0
LogInit: Compiled (64-bit): Oct 24 2016 14:29:06
LogInit: Compiled with Visual C++: 19.00.23026.00
LogInit: Build Configuration: Development
LogInit: Branch Name: ++UE4+Release-4.13
LogInit: Command line: -D3D12
LogInit: Base directory: C:/Program Files/Epic Games/UE_4.13/Engine/Binaries/Win64/
LogInit: Installed Engine Build: 1
LogInit: Presizing for max 8388607 objects, including 0 objects not considered by GC, pre-allocating 0 bytes for permanent pool.
LogInit: Object subsystem initialized
[2021.06.17-17.02.32:669][  0]LogInit: Selected Device Profile: [Windows]
[2021.06.17-17.02.32:669][  0]LogInit: Applying CVar settings loaded from the selected device profile: [Windows]
[2021.06.17-17.02.32:678][  0]LogInit: Computer: YAM
[2021.06.17-17.02.32:678][  0]LogInit: User: Cris
[2021.06.17-17.02.32:678][  0]LogInit: CPU Page size=65536, Cores=6
[2021.06.17-17.02.32:678][  0]LogInit: High frequency timer resolution =10.000000 MHz
[2021.06.17-17.02.32:679][  0]LogMemory: Memory total: Physical=15.9GB (16GB approx)
[2021.06.17-17.02.32:679][  0]LogMemory: Platform Memory Stats for Windows
[2021.06.17-17.02.32:679][  0]LogMemory: Process Physical Memory: 258.09 MB used, 258.10 MB peak
[2021.06.17-17.02.32:679][  0]LogMemory: Process Virtual Memory: 260.19 MB used, 260.19 MB peak
[2021.06.17-17.02.32:679][  0]LogMemory: Physical Memory: 9731.38 MB used, 16332.43 MB total
[2021.06.17-17.02.32:679][  0]LogMemory: Virtual Memory: 4746.43 MB used, 134217728.00 MB total
[2021.06.17-17.02.32:710][  0]LogTextLocalizationManager: No specific translations for ('en-US') exist, so ('en') translations will be used.
[2021.06.17-17.02.33:443][  0]LogD3D12RHI: Found D3D12 adapter 0: AMD Radeon RX 6800 (Feature Level 11_0)
[2021.06.17-17.02.33:443][  0]LogD3D12RHI: Adapter has 16339MB of dedicated video memory, 0MB of dedicated system memory, and 8166MB of shared system memory, 2 output[s]
[2021.06.17-17.02.33:453][  0]LogD3D12RHI: Found D3D12 adapter 1: Microsoft Basic Render Driver (Feature Level 11_0)
[2021.06.17-17.02.33:453][  0]LogD3D12RHI: Adapter has 0MB of dedicated video memory, 0MB of dedicated system memory, and 8166MB of shared system memory, 0 output[s]
[2021.06.17-17.02.33:453][  0]LogD3D12RHI: Chosen D3D12 Adapter Id = 0
[2021.06.17-17.02.33:542][  0]LogD3D12RHI: The system supports ID3D12Device1.
[2021.06.17-17.02.33:586][  0]LogD3D12RHI: Creating Pipeline Library from existing disk cache (4917 KiB containing 0 PSOs).
[2021.06.17-17.02.33:616][  0]LogD3D12RHI: Async texture creation disabled: no driver support
[2021.06.17-17.02.33:616][  0]LogD3D12RHI:     GPU DeviceId: 0x73bf (for the marketing name, search the web for "GPU Device Id")
[2021.06.17-17.02.33:616][  0]LogWindows: EnumDisplayDevices:
[2021.06.17-17.02.33:616][  0]LogWindows:    0. 'AMD Radeon RX 6800' (P:1 D:1)
[2021.06.17-17.02.33:616][  0]LogWindows:    1. 'AMD Radeon RX 6800' (P:0 D:1)
[2021.06.17-17.02.33:617][  0]LogWindows:    2. 'AMD Radeon RX 6800' (P:0 D:0)
[2021.06.17-17.02.33:617][  0]LogWindows:    3. 'AMD Radeon RX 6800' (P:0 D:0)
[2021.06.17-17.02.33:617][  0]LogWindows:    4. 'AMD Radeon RX 6800' (P:0 D:0)
[2021.06.17-17.02.33:618][  0]LogWindows:    5. 'AMD Radeon RX 6800' (P:0 D:0)
[2021.06.17-17.02.33:618][  0]LogWindows:    6. 'AMD Radeon RX 6800' (P:0 D:0)
[2021.06.17-17.02.33:618][  0]LogWindows:    7. 'AMD Radeon RX 6800' (P:0 D:0)
[2021.06.17-17.02.33:618][  0]LogWindows: DebugString: GetVideoDriverDetailsInvalid PrimaryIsNotTheChoosenAdapter GetVideoDriverDetailsInvalid PrimaryIsNotTheChoosenAdapter GetVideoDriverDetailsInvalid PrimaryIsNotTheChoosenAdapter GetVideoDriverDetailsInvalid PrimaryIsNotTheChoosenAdapter GetVideoDriverDetailsInvalid PrimaryIsNotTheChoosenAdapter GetVideoDriverDetailsInvalid PrimaryIsNotTheChoosenAdapter GetVideoDriverDetailsInvalid PrimaryIsNotTheChoosenAdapter GetVideoDriverDetailsInvalid PrimaryIsNotTheChoosenAdapter FoundDriverCount:0 
[2021.06.17-17.02.33:618][  0]LogD3D12RHI:     Adapter Name: AMD Radeon RX 6800
[2021.06.17-17.02.33:618][  0]LogD3D12RHI:   Driver Version: Unknown (internal:Unknown, unified:Unknown)
[2021.06.17-17.02.33:618][  0]LogD3D12RHI:      Driver Date: Unknown
[2021.06.17-17.02.33:618][  0]LogRHI: Texture pool is 1361 MB (70% of 1945 MB)
[2021.06.17-17.02.33:637][  0]LogShaderCompilers: Guid format shader working directory is -19 characters bigger than the processId version (../../../../../../Users/Cris/Documents/Unreal Projects/MainMenu/Intermediate/Shaders/WorkingDirectory/26964/).
[2021.06.17-17.02.33:638][  0]LogShaderCompilers: Cleaned the shader compiler working directory 'C:/Users/Cris/AppData/Local/Temp/UnrealShaderWorkingDir/254BC876435A6341D754A5A18E04751A/'.
[2021.06.17-17.02.33:638][  0]LogShaderCompilers:Display: Using Local Shader Compiler.
[2021.06.17-17.02.34:691][  0]LogTemp:Display: Loaded TP AllDesktopTargetPlatform
[2021.06.17-17.02.34:699][  0]LogTemp:Display: Loaded TP WindowsClientTargetPlatform
[2021.06.17-17.02.34:708][  0]LogTemp:Display: Loaded TP WindowsNoEditorTargetPlatform
[2021.06.17-17.02.34:716][  0]LogTemp:Display: Loaded TP WindowsServerTargetPlatform
[2021.06.17-17.02.34:725][  0]LogTemp:Display: Loaded TP WindowsTargetPlatform
[2021.06.17-17.02.34:733][  0]LogTemp:Display: Loaded TP AndroidTargetPlatform
[2021.06.17-17.02.34:740][  0]LogTemp:Display: Loaded TP Android_ASTCTargetPlatform
[2021.06.17-17.02.34:749][  0]LogTemp:Display: Loaded TP Android_ATCTargetPlatform
[2021.06.17-17.02.34:759][  0]LogTemp:Display: Loaded TP Android_DXTTargetPlatform
[2021.06.17-17.02.34:768][  0]LogTemp:Display: Loaded TP Android_ETC1TargetPlatform
[2021.06.17-17.02.34:775][  0]LogTemp:Display: Loaded TP Android_ETC2TargetPlatform
[2021.06.17-17.02.34:790][  0]LogTemp:Display: Loaded TP Android_MultiTargetPlatform
[2021.06.17-17.02.34:790][  0]LogTemp:Display: Loaded TP Android_PVRTCTargetPlatform
[2021.06.17-17.02.34:792][  0]LogTemp:Display: Loaded TP HTML5TargetPlatform
[2021.06.17-17.02.34:813][  0]LogTemp:Display: Loaded TP IOSTargetPlatform
[2021.06.17-17.02.34:820][  0]LogTemp:Display: Loaded TP TVOSTargetPlatform
[2021.06.17-17.02.34:829][  0]LogTemp:Display: Loaded TP LinuxClientTargetPlatform
[2021.06.17-17.02.34:839][  0]LogTemp:Display: Loaded TP LinuxNoEditorTargetPlatform
[2021.06.17-17.02.34:847][  0]LogTemp:Display: Loaded TP LinuxServerTargetPlatform
[2021.06.17-17.02.34:856][  0]LogTemp:Display: Loaded TP LinuxTargetPlatform
[2021.06.17-17.02.34:856][  0]LogTargetPlatformManager:Display: Building Assets For Windows
[2021.06.17-17.02.34:936][  0]LogDerivedDataCache:Display: Max Cache Size: 512 MB
[2021.06.17-17.02.34:992][  0]LogDerivedDataCache: Loaded boot cache 0.06s 62MB C:/Users/Cris/AppData/Local/UnrealEngine/4.13/DerivedDataCache/Boot.ddc.
[2021.06.17-17.02.34:992][  0]LogDerivedDataCache:Display: Loaded Boot cache: C:/Users/Cris/AppData/Local/UnrealEngine/4.13/DerivedDataCache/Boot.ddc
[2021.06.17-17.02.34:993][  0]LogDerivedDataCache: FDerivedDataBackendGraph:  Pak pak cache file ../../../../../../Users/Cris/Documents/Unreal Projects/MainMenu/DerivedDataCache/DDC.ddp not found, will not use a pak cache.
[2021.06.17-17.02.34:993][  0]LogDerivedDataCache: Unable to find inner node Pak for hierarchical cache Hierarchy.
[2021.06.17-17.02.34:993][  0]LogDerivedDataCache: FDerivedDataBackendGraph:  CompressedPak pak cache file ../../../../../../Users/Cris/Documents/Unreal Projects/MainMenu/DerivedDataCache/Compressed.ddp not found, will not use a pak cache.
[2021.06.17-17.02.34:993][  0]LogDerivedDataCache: Unable to find inner node CompressedPak for hierarchical cache Hierarchy.
[2021.06.17-17.02.35:009][  0]LogDerivedDataCache:Display: Pak cache opened for reading ../../../Engine/DerivedDataCache/Compressed.ddp.
[2021.06.17-17.02.35:021][  0]LogDerivedDataCache: Using Local data cache path C:/Users/Cris/AppData/Local/UnrealEngine/Common/DerivedDataCache: Writable
[2021.06.17-17.02.35:217][  0]LogInit: Selected Device Profile: [Windows]
[2021.06.17-17.02.35:220][  0]LogContentStreaming: Texture pool size is 0.00 MB
[2021.06.17-17.02.35:305][  0]LogMeshUtilities: No automatic mesh reduction module available
[2021.06.17-17.02.35:305][  0]LogMeshUtilities: No automatic mesh merging module available
[2021.06.17-17.02.35:305][  0]LogMeshUtilities: No distributed automatic mesh merging module available
[2021.06.17-17.02.35:369][  0]LogMaterial: Uniform references updated for custom material expression Custom.
[2021.06.17-17.02.35:616][  0]LogNetVersion: GetLocalNetworkVersion: CL: 3106830, ProjectName: mainmenu, ProjectVersion: , EngineNetworkVersion: 1, GameNetworkVersion: 0, NetworkChecksum: 1690518737
[2021.06.17-17.02.35:651][  0]LogAssetRegistry: FAssetRegistry took 0.0223 seconds to start up
[2021.06.17-17.02.35:683][  0]LogPackageLocalizationCache: Processed 3 localized package path(s) for 2 prioritized culture(s) in 0.030062 seconds
[2021.06.17-17.02.35:689][  0]LogUObjectArray: 29778 objects as part of root set at end of initial load.
[2021.06.17-17.02.35:689][  0]LogUObjectAllocator: 6125448 out of 0 bytes used by permanent object pool.
[2021.06.17-17.02.35:689][  0]LogUObjectArray: CloseDisregardForGC: 0/0 objects in disregard for GC pool
[2021.06.17-17.02.35:696][  0]LogInit: WinSock: version 1.1 (2.2), MaxSocks=32767, MaxUdp=65467
[2021.06.17-17.02.35:892][  0]LogSlate: SlateFontCache - WITH_FREETYPE: 1, WITH_HARFBUZZ: 1
[2021.06.17-17.02.35:893][  0]LogSlate: SlateFontCache - WITH_FREETYPE: 1, WITH_HARFBUZZ: 1
[2021.06.17-17.02.36:482][  0]LogTcpMessaging: Initializing TcpMessaging bridge
[2021.06.17-17.02.36:508][  0]LogUdpMessaging: Initializing bridge on interface 0.0.0.0:0 to multicast group 230.0.0.1:6666.
[2021.06.17-17.02.36:722][  0]SourceControl: Info Source control is disabled
[2021.06.17-17.02.36:767][  0]SourceControl: Info Source control is disabled
[2021.06.17-17.02.36:777][  0]SourceControl: Info Source control is disabled
[2021.06.17-17.02.36:788][  0]SourceControl: Info Source control is disabled
[2021.06.17-17.02.37:101][  0]LogEngine: Initializing Engine...
[2021.06.17-17.02.37:102][  0]LogHMD: Failed to initialize OpenVR with code 110
[2021.06.17-17.02.37:215][  0]LogAIModule: Creating AISystem for world Untitled
[2021.06.17-17.02.37:232][  0]LogInit: XAudio2 using 'SPDIF Interface (FX-AUDIO-DAC-X6)' : 2 channels at 48 kHz using 24 bits per sample (channel mask 0x3)
[2021.06.17-17.02.37:248][  0]LogInit: FAudioDevice initialized.
[2021.06.17-17.02.37:287][  0]LogDerivedDataCache: Saved boot cache 0.04s 62MB C:/Users/Cris/AppData/Local/UnrealEngine/4.13/DerivedDataCache/Boot.ddc.
[2021.06.17-17.02.37:298][  0]LogInit: Texture streaming: Enabled
[2021.06.17-17.02.37:329][  0]LogInit: Transaction tracking system initialized
[2021.06.17-17.02.37:350][  0]BlueprintLog: New page: Editor Load
[2021.06.17-17.02.37:427][  0]LocalizationService: Info Localization service is disabled
[2021.06.17-17.02.37:507][  0]LogConsoleResponse:Display: 
[2021.06.17-17.02.37:598][  0]LogCook:Display: Max memory allowance for cook 16384mb min free memory 0mb
[2021.06.17-17.02.37:598][  0]LogCook:Display: Mobile HDR setting 1
[2021.06.17-17.02.37:772][  0]LogFileCache: Scanning file cache for directory 'C:/Users/Cris/Documents/Unreal Projects/MainMenu/Content/' took 0.02s
[2021.06.17-17.02.37:772][  0]SourceControl: Info Source control is disabled
[2021.06.17-17.02.37:772][  0]Cmd: MAP LOAD FILE="../../../../../../Users/Cris/Documents/Unreal Projects/MainMenu/Content/ThirdPersonBP/Maps/ThirdPersonExampleMap.umap" TEMPLATE=0 SHOWPROGRESS=1 FEATURELEVEL=3
[2021.06.17-17.02.37:778][  0]LightingResults: New page: Lighting Build
[2021.06.17-17.02.37:781][  0]MapCheck: New page: Map Check
[2021.06.17-17.02.37:781][  0]LightingResults: New page: Lighting Build
[2021.06.17-17.02.38:570][  0]LogAIModule: Creating AISystem for world ThirdPersonExampleMap
[2021.06.17-17.02.38:580][  0]LogEditorServer: Finished looking for orphan Actors (0.000 secs)
[2021.06.17-17.02.38:580][  0]Cmd: MAP CHECKDEP NOCLEARLOG
[2021.06.17-17.02.38:635][  0]MapCheck: Info Map check complete: 0 Error(s), 0 Warning(s), took 54.965ms to complete.
[2021.06.17-17.02.38:635][  0]LogFileHelpers: Loading map 'ThirdPersonExampleMap' took 0.863
[2021.06.17-17.02.38:846][  0]LogCollectionManager: Loaded 0 collections in 0.001639 seconds
[2021.06.17-17.02.38:900][  0]LogFileCache: Scanning file cache for directory 'C:/Users/Cris/Documents/Unreal Projects/MainMenu/Saved/Collections/' took 0.01s
[2021.06.17-17.02.38:900][  0]LogFileCache: Scanning file cache for directory 'C:/Users/Cris/Documents/Unreal Projects/MainMenu/Content/Developers/Cris/Collections/' took 0.01s
[2021.06.17-17.02.38:900][  0]LogFileCache: Scanning file cache for directory 'C:/Users/Cris/Documents/Unreal Projects/MainMenu/Content/Collections/' took 0.01s
[2021.06.17-17.02.38:900][  0]LogCollectionManager: Rebuilt the GUID cache for 0 collections in 0.000003 seconds
[2021.06.17-17.02.38:911][  0]LogContentBrowser: Native class hierarchy populated in 0.0092 seconds. Added 2141 classes and 415 folders.
[2021.06.17-17.02.38:916][  0]LogStats: UGameplayTagsManager::ConstructGameplayTagTree: Construct from data asset -  0.000 s
[2021.06.17-17.02.38:916][  0]LogStats: UGameplayTagsManager::ConstructGameplayTagTree: GameplayTagTreeChangedEvent.Broadcast -  0.000 s
[2021.06.17-17.02.38:917][  0]LogContentBrowser: Native class hierarchy updated for 'GameplayTags' in 0.0005 seconds. Added 12 classes and 0 folders.
[2021.06.17-17.02.38:921][  0]LogContentBrowser: Native class hierarchy updated for 'WidgetCarousel' in 0.0004 seconds. Added 0 classes and 0 folders.
[2021.06.17-17.02.39:271][  0]LogContentBrowser: Native class hierarchy updated for 'AddContentDialog' in 0.0004 seconds. Added 0 classes and 0 folders.
[2021.06.17-17.02.39:281][  0]LogContentBrowser: Native class hierarchy updated for 'SceneOutliner' in 0.0005 seconds. Added 1 classes and 2 folders.
[2021.06.17-17.02.39:318][  0]LogCrashTracker: Crashtracker disabled due to settings.
[2021.06.17-17.02.39:333][  0]LogUObjectGlobals:Warning: Failed to find object 'Class None.'
[2021.06.17-17.02.39:363][  0]LogContentBrowser: Native class hierarchy updated for 'HierarchicalLODOutliner' in 0.0006 seconds. Added 1 classes and 2 folders.
[2021.06.17-17.02.39:363][  0]LogLoad: (Engine Initialization) Total time: 7.84 seconds
[2021.06.17-17.02.39:363][  0]LogLoad: (Engine Initialization) Total Blueprint compile time: 0.14 seconds
[2021.06.17-17.02.39:364][  0]LogExternalProfiler: No external profilers were discovered.  External profiling features will not be available.
[2021.06.17-17.02.39:374][  0]LogOcInput: OculusInput pre-init called
[2021.06.17-17.02.39:394][  0]LogContentStreaming: Texture pool size now 1000 MB
[2021.06.17-17.02.39:639][  0]LogRenderer: Reallocating scene render targets to support 1208x576 (Frame:2).
[2021.06.17-17.02.39:756][  1]LogAssetRegistry: Asset discovery search completed in 4.1283 seconds
[2021.06.17-17.02.39:756][  1]LogCollectionManager: Rebuilt the object cache for 0 collections in 0.000001 seconds (found 0 objects)
[2021.06.17-17.02.39:756][  1]LogCollectionManager: Fixed up redirectors for 0 collections in 0.000019 seconds (updated 0 objects)
[2021.06.17-17.03.55:192][915]LogContentBrowser: Native class hierarchy updated for 'BlueprintGraph' in 0.0008 seconds. Added 112 classes and 0 folders.
[2021.06.17-17.04.33:377][ 13]LogAIModule: Creating AISystem for world MainMenu
[2021.06.17-17.04.33:404][ 13]Cmd: MAP LOAD FILE="../../../../../../Users/Cris/Documents/Unreal Projects/MainMenu/Content/Levels/MainMenu.umap" TEMPLATE=0 SHOWPROGRESS=1 FEATURELEVEL=3
[2021.06.17-17.04.33:404][ 13]LightingResults: New page: Lighting Build
[2021.06.17-17.04.33:404][ 13]LoadErrors: New page: Loading map: MainMenu.umap
[2021.06.17-17.04.33:405][ 13]MapCheck: New page: Map Check
[2021.06.17-17.04.33:405][ 13]LightingResults: New page: Lighting Build
[2021.06.17-17.04.33:424][ 13]LogEditorServer: Finished looking for orphan Actors (0.000 secs)
[2021.06.17-17.04.33:437][ 13]Cmd: MAP CHECKDEP NOCLEARLOG
[2021.06.17-17.04.33:498][ 13]MapCheck: Info Map check complete: 0 Error(s), 0 Warning(s), took 60.627ms to complete.
[2021.06.17-17.04.33:498][ 13]LogFileHelpers: Loading map 'MainMenu' took 0.095
[2021.06.17-17.11.26:959][691]Cmd: OBJ SAVEPACKAGE PACKAGE="/Game/Levels/MainMenu" FILE="../../../../../../Users/Cris/Documents/Unreal Projects/MainMenu/Content/Levels/MainMenu.umap" SILENT=true AUTOSAVING=false KEEPDIRTY=false
[2021.06.17-17.11.27:056][691]LogSavePackage: Save=80.20ms
[2021.06.17-17.11.27:056][691]LogSavePackage: Moving '../../../../../../Users/Cris/Documents/Unreal Projects/MainMenu/Saved/MainMenuA9DB631B4EAF670ADF07FBAF0A25BBE8.tmp' to '../../../../../../Users/Cris/Documents/Unreal Projects/MainMenu/Content/Levels/MainMenu.umap'
[2021.06.17-17.11.27:059][691]LogSavePackage:Display: Finished SavePackage ../../../../../../Users/Cris/Documents/Unreal Projects/MainMenu/Content/Levels/MainMenu.umap
[2021.06.17-17.11.27:072][691]LogFileHelpers: Saving map 'MainMenu' took 0.183
[2021.06.17-18.00.00:970][811]LogWindowsTextInputMethodSystem:Display: IME system now deactivated.
[2021.06.17-18.00.01:171][812]Cmd: QUIT_EDITOR
[2021.06.17-18.00.01:250][812]LogExit: Preparing to exit.
[2021.06.17-18.00.02:218][812]LogDirectoryWatcher: A directory notification for 'C:/Users/Cris/Documents/Unreal Projects/MainMenu/Content/' was aborted.
[2021.06.17-18.00.02:268][812]LogExit: Editor shut down
[2021.06.17-18.00.02:268][812]LogExit: Transaction tracking system shut down
[2021.06.17-18.00.02:429][812]LogObj: Freed 0b from 0 cluster array pools.
[2021.06.17-18.00.02:429][812]LogExit: Object subsystem successfully closed.
[2021.06.17-18.00.02:448][812]LogD3D12RHI: Serializing Pipeline Library to disk (4949 KiB containing 0 PSOs)
[2021.06.17-18.00.02:537][812]LogD3D12RHI: ~FD3D12DynamicRHI
[2021.06.17-18.00.02:563][812]LogModuleManager: Shutting down and abandoning module SequencerWidgets (237)
[2021.06.17-18.00.02:563][812]LogModuleManager: Shutting down and abandoning module BlueprintGraph (236)
[2021.06.17-18.00.02:563][812]LogModuleManager: Shutting down and abandoning module BlueprintProfiler (235)
[2021.06.17-18.00.02:564][812]LogModuleManager: Shutting down and abandoning module HierarchicalLODOutliner (234)
[2021.06.17-18.00.02:564][812]LogModuleManager: Shutting down and abandoning module CrashTracker (233)
[2021.06.17-18.00.02:564][812]LogModuleManager: Shutting down and abandoning module SceneOutliner (232)
[2021.06.17-18.00.02:564][812]LogModuleManager: Shutting down and abandoning module WidgetCarousel (231)
[2021.06.17-18.00.02:564][812]LogModuleManager: Shutting down and abandoning module AddContentDialog (230)
[2021.06.17-18.00.02:564][812]LogDirectoryWatcher: A directory notification for 'C:/Program Files/Epic Games/UE_4.13/FeaturePacks/' was aborted.
[2021.06.17-18.00.02:567][812]LogModuleManager: Shutting down and abandoning module GameplayTags (229)
[2021.06.17-18.00.02:567][812]LogModuleManager: Shutting down and abandoning module EditorWidgets (228)
[2021.06.17-18.00.02:567][812]LogModuleManager: Shutting down and abandoning module CollectionManager (227)
[2021.06.17-18.00.02:567][812]LogDirectoryWatcher: A directory notification for 'C:/Users/Cris/Documents/Unreal Projects/MainMenu/Content/Collections/' was aborted.
[2021.06.17-18.00.02:567][812]LogDirectoryWatcher: A directory notification for 'C:/Users/Cris/Documents/Unreal Projects/MainMenu/Content/Developers/Cris/Collections/' was aborted.
[2021.06.17-18.00.02:568][812]LogDirectoryWatcher: A directory notification for 'C:/Users/Cris/Documents/Unreal Projects/MainMenu/Saved/Collections/' was aborted.
[2021.06.17-18.00.02:568][812]LogModuleManager: Shutting down and abandoning module StatsViewer (226)
[2021.06.17-18.00.02:568][812]LogModuleManager: Shutting down and abandoning module FoliageEdit (225)
[2021.06.17-18.00.02:568][812]LogModuleManager: Shutting down and abandoning module LandscapeEditor (224)
[2021.06.17-18.00.02:568][812]LogModuleManager: Shutting down and abandoning module SceneDepthPickerMode (223)
[2021.06.17-18.00.02:568][812]LogModuleManager: Shutting down and abandoning module ActorPickerMode (222)
[2021.06.17-18.00.02:568][812]LogModuleManager: Shutting down and abandoning module GeometryMode (221)
[2021.06.17-18.00.02:568][812]LogModuleManager: Shutting down and abandoning module TextureAlignMode (220)
[2021.06.17-18.00.02:568][812]LogModuleManager: Shutting down and abandoning module BspMode (219)
[2021.06.17-18.00.02:568][812]LogModuleManager: Shutting down and abandoning module HardwareSurvey (218)
[2021.06.17-18.00.02:568][812]LogModuleManager: Shutting down and abandoning module SequenceRecorderSections (217)
[2021.06.17-18.00.02:568][812]LogModuleManager: Shutting down and abandoning module SequenceRecorder (216)
[2021.06.17-18.00.02:568][812]LogModuleManager: Shutting down and abandoning module AutomationWorker (215)
[2021.06.17-18.00.02:568][812]LogModuleManager: Shutting down and abandoning module MatineeToLevelSequence (214)
[2021.06.17-18.00.02:568][812]LogModuleManager: Shutting down and abandoning module PlacementMode (213)
[2021.06.17-18.00.02:568][812]LogModuleManager: Shutting down and abandoning module LevelSequenceEditor (212)
[2021.06.17-18.00.02:568][812]LogModuleManager: Shutting down and abandoning module WmfMediaFactory (211)
[2021.06.17-18.00.02:568][812]LogModuleManager: Shutting down and abandoning module WmfMediaEditor (210)
[2021.06.17-18.00.02:568][812]LogModuleManager: Shutting down and abandoning module AvfMediaFactory (209)
[2021.06.17-18.00.02:568][812]LogModuleManager: Shutting down and abandoning module AvfMediaEditor (208)
[2021.06.17-18.00.02:568][812]LogModuleManager: Shutting down and abandoning module Media (207)
[2021.06.17-18.00.02:568][812]LogModuleManager: Shutting down and abandoning module AndroidMediaFactory (206)
[2021.06.17-18.00.02:568][812]LogModuleManager: Shutting down and abandoning module AndroidMediaEditor (205)
[2021.06.17-18.00.02:568][812]LogModuleManager: Shutting down and abandoning module CharacterAI (204)
[2021.06.17-18.00.02:568][812]LogModuleManager: Shutting down and abandoning module SmartSnapping (203)
[2021.06.17-18.00.02:568][812]LogModuleManager: Shutting down and abandoning module SessionServices (202)
[2021.06.17-18.00.02:568][812]LogModuleManager: Shutting down and abandoning module ViewportSnapping (201)
[2021.06.17-18.00.02:568][812]LogModuleManager: Shutting down and abandoning module ViewportInteraction (200)
[2021.06.17-18.00.02:568][812]LogModuleManager: Shutting down and abandoning module LogVisualizer (199)
[2021.06.17-18.00.02:569][812]LogModuleManager: Shutting down and abandoning module GameProjectGeneration (198)
[2021.06.17-18.00.02:569][812]LogModuleManager: Shutting down and abandoning module IntroTutorials (197)
[2021.06.17-18.00.02:569][812]LogModuleManager: Shutting down and abandoning module EditorLiveStreaming (196)
[2021.06.17-18.00.02:569][812]LogModuleManager: Shutting down and abandoning module IOSPlatformEditor (195)
[2021.06.17-18.00.02:569][812]LogModuleManager: Shutting down and abandoning module HTML5PlatformEditor (194)
[2021.06.17-18.00.02:569][812]LogModuleManager: Shutting down and abandoning module AndroidDeviceDetection (193)
[2021.06.17-18.00.03:041][812]LogModuleManager: Shutting down and abandoning module AndroidPlatformEditor (192)
[2021.06.17-18.00.03:041][812]LogModuleManager: Shutting down and abandoning module IOSRuntimeSettings (191)
[2021.06.17-18.00.03:041][812]LogModuleManager: Shutting down and abandoning module AndroidRuntimeSettings (190)
[2021.06.17-18.00.03:041][812]LogModuleManager: Shutting down and abandoning module NiagaraEditor (189)
[2021.06.17-18.00.03:041][812]LogModuleManager: Shutting down and abandoning module MergeActors (188)
[2021.06.17-18.00.03:042][812]LogModuleManager: Shutting down and abandoning module SizeMap (187)
[2021.06.17-18.00.03:042][812]LogModuleManager: Shutting down and abandoning module TreeMap (186)
[2021.06.17-18.00.03:042][812]LogModuleManager: Shutting down and abandoning module ReferenceViewer (185)
[2021.06.17-18.00.03:042][812]LogModuleManager: Shutting down and abandoning module LocalizationService (184)
[2021.06.17-18.00.03:042][812]LogModuleManager: Shutting down and abandoning module LocalizationDashboard (183)
[2021.06.17-18.00.03:042][812]LogModuleManager: Shutting down and abandoning module HardwareTargeting (182)
[2021.06.17-18.00.03:042][812]LogModuleManager: Shutting down and abandoning module DeviceProfileEditor (181)
[2021.06.17-18.00.03:042][812]LogModuleManager: Shutting down and abandoning module UndoHistory (180)
[2021.06.17-18.00.03:042][812]LogModuleManager: Shutting down and abandoning module UserFeedback (179)
[2021.06.17-18.00.03:042][812]LogModuleManager: Shutting down and abandoning module XmlParser (178)
[2021.06.17-18.00.03:042][812]LogModuleManager: Shutting down and abandoning module Blutility (177)
[2021.06.17-18.00.03:042][812]LogModuleManager: Shutting down and abandoning module ProjectTargetPlatformEditor (176)
[2021.06.17-18.00.03:042][812]LogModuleManager: Shutting down and abandoning module ProjectSettingsViewer (175)
[2021.06.17-18.00.03:042][812]LogModuleManager: Shutting down and abandoning module InputBindingEditor (174)
[2021.06.17-18.00.03:042][812]LogModuleManager: Shutting down and abandoning module EditorSettingsViewer (173)
[2021.06.17-18.00.03:042][812]LogModuleManager: Shutting down and abandoning module SettingsEditor (172)
[2021.06.17-18.00.03:042][812]LogModuleManager: Shutting down and abandoning module ProjectLauncher (171)
[2021.06.17-18.00.03:042][812]LogModuleManager: Shutting down and abandoning module SessionFrontend (170)
[2021.06.17-18.00.03:042][812]LogModuleManager: Shutting down and abandoning module ProfilerClient (169)
[2021.06.17-18.00.03:042][812]LogModuleManager: Shutting down and abandoning module TargetDeviceServices (168)
[2021.06.17-18.00.03:042][812]LogModuleManager: Shutting down and abandoning module DeviceManager (167)
[2021.06.17-18.00.03:075][812]LogModuleManager: Shutting down and abandoning module AutomationController (166)
[2021.06.17-18.00.03:075][812]LogModuleManager: Shutting down and abandoning module AutomationWindow (165)
[2021.06.17-18.00.03:075][812]LogModuleManager: Shutting down and abandoning module Layers (164)
[2021.06.17-18.00.03:075][812]LogModuleManager: Shutting down and abandoning module ComponentVisualizers (163)
[2021.06.17-18.00.03:075][812]LogModuleManager: Shutting down and abandoning module DetailCustomizations (162)
[2021.06.17-18.00.03:075][812]LogModuleManager: Shutting down and abandoning module PackagesDialog (161)
[2021.06.17-18.00.03:077][812]LogModuleManager: Shutting down and abandoning module AnimGraph (160)
[2021.06.17-18.00.03:077][812]LogModuleManager: Shutting down and abandoning module Persona (159)
[2021.06.17-18.00.03:077][812]LogModuleManager: Shutting down and abandoning module Kismet (158)
[2021.06.17-18.00.03:081][812]LogModuleManager: Shutting down and abandoning module GraphEditor (157)
[2021.06.17-18.00.03:081][812]LogModuleManager: Shutting down and abandoning module ClassViewer (156)
[2021.06.17-18.00.03:081][812]LogModuleManager: Shutting down and abandoning module Toolbox (155)
[2021.06.17-18.00.03:081][812]LogModuleManager: Shutting down and abandoning module ModuleUI (154)
[2021.06.17-18.00.03:081][812]LogModuleManager: Shutting down and abandoning module MovieSceneTools (153)
[2021.06.17-18.00.03:081][812]LogModuleManager: Shutting down and abandoning module OutputLog (152)
[2021.06.17-18.00.03:081][812]LogModuleManager: Shutting down and abandoning module GammaUI (151)
[2021.06.17-18.00.03:081][812]LogModuleManager: Shutting down and abandoning module Documentation (150)
[2021.06.17-18.00.03:081][812]LogModuleManager: Shutting down and abandoning module Niagara (149)
[2021.06.17-18.00.03:081][812]LogModuleManager: Shutting down and abandoning module StreamingPauseRendering (148)
[2021.06.17-18.00.03:081][812]LogModuleManager: Shutting down and abandoning module AnalyticsET (147)
[2021.06.17-18.00.03:081][812]LogModuleManager: Shutting down and abandoning module PortalServices (146)
[2021.06.17-18.00.03:081][812]LogModuleManager: Shutting down and abandoning module PortalRpc (145)
[2021.06.17-18.00.03:081][812]LogModuleManager: Shutting down and abandoning module MessagingRpc (144)
[2021.06.17-18.00.03:081][812]LogModuleManager: Shutting down and abandoning module GameplayDebugger (143)
[2021.06.17-18.00.03:082][812]LogModuleManager: Shutting down and abandoning module AITestSuite (142)
[2021.06.17-18.00.03:082][812]LogModuleManager: Shutting down and abandoning module AIModule (141)
[2021.06.17-18.00.03:082][812]LogModuleManager: Shutting down and abandoning module ProfilerService (140)
[2021.06.17-18.00.03:148][812]LogModuleManager: Shutting down and abandoning module TaskGraph (139)
[2021.06.17-18.00.03:148][812]LogModuleManager: Shutting down and abandoning module SlateRemote (138)
[2021.06.17-18.00.03:148][812]LogModuleManager: Shutting down and abandoning module SteamVRController (137)
[2021.06.17-18.00.03:148][812]LogModuleManager: Shutting down and abandoning module SteamVR (136)
[2021.06.17-18.00.03:148][812]LogModuleManager: Shutting down and abandoning module ProceduralMeshComponentEditor (135)
[2021.06.17-18.00.03:148][812]LogModuleManager: Shutting down and abandoning module ProceduralMeshComponent (134)
[2021.06.17-18.00.03:148][812]LogModuleManager: Shutting down and abandoning module OculusLibrary (133)
[2021.06.17-18.00.03:148][812]LogModuleManager: Shutting down and abandoning module OculusInput (132)
[2021.06.17-18.00.03:148][812]LogModuleManager: Shutting down and abandoning module CustomMeshComponent (131)
[2021.06.17-18.00.03:148][812]LogModuleManager: Shutting down and abandoning module CableComponent (130)
[2021.06.17-18.00.03:148][812]LogModuleManager: Shutting down and abandoning module ArchVisCharacter (129)
[2021.06.17-18.00.03:148][812]LogModuleManager: Shutting down and abandoning module MediaPlayerEditor (127)
[2021.06.17-18.00.03:148][812]LogModuleManager: Shutting down and abandoning module HTML5Networking (126)
[2021.06.17-18.00.03:148][812]LogModuleManager: Shutting down and abandoning module GeometryCacheEd (125)
[2021.06.17-18.00.03:148][812]LogModuleManager: Shutting down and abandoning module GeometryCache (124)
[2021.06.17-18.00.03:148][812]LogModuleManager: Shutting down and abandoning module AlembicLibrary (123)
[2021.06.17-18.00.03:148][812]LogModuleManager: Shutting down and abandoning module AlembicImporter (122)
[2021.06.17-18.00.03:148][812]LogModuleManager: Shutting down and abandoning module SuperSearch (121)
[2021.06.17-18.00.03:148][812]LogModuleManager: Shutting down and abandoning module SuperSearchEditor (120)
[2021.06.17-18.00.03:148][812]LogModuleManager: Shutting down and abandoning module SpeedTreeImporter (119)
[2021.06.17-18.00.03:148][812]LogModuleManager: Shutting down and abandoning module PluginBrowser (118)
[2021.06.17-18.00.03:148][812]LogModuleManager: Shutting down and abandoning module MobileLauncherProfileWizard (117)
[2021.06.17-18.00.03:148][812]LogModuleManager: Shutting down and abandoning module EpicSurvey (116)
[2021.06.17-18.00.03:149][812]LogModuleManager: Shutting down and abandoning module DesktopPlatform (115)
[2021.06.17-18.00.03:149][812]LogModuleManager: Shutting down and abandoning module VisualStudioSourceCodeAccess (114)
[2021.06.17-18.00.03:149][812]LogModuleManager: Shutting down and abandoning module UObjectPlugin (113)
[2021.06.17-18.00.03:149][812]LogModuleManager: Shutting down and abandoning module SubversionSourceControl (112)
[2021.06.17-18.00.03:149][812]LogModuleManager: Shutting down and abandoning module PerforceSourceControl (111)
[2021.06.17-18.00.03:149][812]LogModuleManager: Shutting down and abandoning module SourceControl (110)
[2021.06.17-18.00.03:149][812]LogModuleManager: Shutting down and abandoning module GitSourceControl (109)
[2021.06.17-18.00.03:149][812]LogModuleManager: Shutting down and abandoning module LightPropagationVolumeEditor (108)
[2021.06.17-18.00.03:149][812]LogModuleManager: Shutting down and abandoning module PaperTiledImporter (107)
[2021.06.17-18.00.03:149][812]LogModuleManager: Shutting down and abandoning module PaperSpriteSheetImporter (106)
[2021.06.17-18.00.03:149][812]LogModuleManager: Shutting down and abandoning module MeshPaint (105)
[2021.06.17-18.00.03:149][812]LogModuleManager: Shutting down and abandoning module FbxAutomationBuilderModule (104)
[2021.06.17-18.00.03:149][812]LogModuleManager: Shutting down and abandoning module PixelInspectorModule (103)
[2021.06.17-18.00.03:149][812]LogModuleManager: Shutting down and abandoning module HotReload (102)
[2021.06.17-18.00.03:149][812]LogModuleManager: Shutting down and abandoning module MainFrame (101)
[2021.06.17-18.00.03:149][812]LogModuleManager: Shutting down and abandoning module LevelEditor (100)
[2021.06.17-18.00.03:150][812]LogModuleManager: Shutting down and abandoning module ContentBrowser (99)
[2021.06.17-18.00.03:151][812]LogModuleManager: Shutting down and abandoning module Paper2DEditor (98)
[2021.06.17-18.00.03:151][812]LogModuleManager: Shutting down and abandoning module UdpMessaging (97)
[2021.06.17-18.00.03:252][812]LogModuleManager: Shutting down and abandoning module TcpMessaging (96)
[2021.06.17-18.00.03:352][812]LogModuleManager: Shutting down and abandoning module LightPropagationVolumeRuntime (95)
[2021.06.17-18.00.03:352][812]LogModuleManager: Shutting down and abandoning module Paper2D (94)
[2021.06.17-18.00.03:352][812]LogModuleManager: Shutting down and abandoning module WindowsMoviePlayer (93)
[2021.06.17-18.00.03:352][812]LogModuleManager: Shutting down and abandoning module WmfMedia (92)
[2021.06.17-18.00.03:353][812]LogModuleManager: Shutting down and abandoning module MediaAssets (91)
[2021.06.17-18.00.03:353][812]LogModuleManager: Shutting down and abandoning module GameLiveStreaming (90)
[2021.06.17-18.00.03:353][812]LogModuleManager: Shutting down and abandoning module GameplayTagsEditor (89)
[2021.06.17-18.00.03:353][812]LogModuleManager: Shutting down and abandoning module VREditor (88)
[2021.06.17-18.00.03:353][812]LogModuleManager: Shutting down and abandoning module GameplayTasksEditor (87)
[2021.06.17-18.00.03:353][812]LogModuleManager: Shutting down and abandoning module PropertyEditor (86)
[2021.06.17-18.00.03:353][812]LogModuleManager: Shutting down and abandoning module BehaviorTreeEditor (85)
[2021.06.17-18.00.03:353][812]LogModuleManager: Shutting down and abandoning module FunctionalTesting (84)
[2021.06.17-18.00.03:353][812]LogModuleManager: Shutting down and abandoning module CollisionAnalyzer (83)
[2021.06.17-18.00.03:353][812]LogModuleManager: Shutting down and abandoning module Sequencer (82)
[2021.06.17-18.00.03:353][812]LogModuleManager: Shutting down and abandoning module WorkspaceMenuStructure (81)
[2021.06.17-18.00.03:353][812]LogModuleManager: Shutting down and abandoning module MessageLog (80)
[2021.06.17-18.00.03:353][812]LogModuleManager: Shutting down and abandoning module AssetTools (79)
[2021.06.17-18.00.03:353][812]LogModuleManager: Shutting down and abandoning module UMGEditor (78)
[2021.06.17-18.00.03:353][812]LogModuleManager: Shutting down and abandoning module UMG (77)
[2021.06.17-18.00.03:353][812]LogModuleManager: Shutting down and abandoning module SlateReflector (76)
[2021.06.17-18.00.03:353][812]LogModuleManager: Shutting down and abandoning module Slate (75)
[2021.06.17-18.00.03:353][812]LogModuleManager: Shutting down and abandoning module EditorStyle (74)
[2021.06.17-18.00.03:356][812]LogModuleManager: Shutting down and abandoning module SourceCodeAccess (73)
[2021.06.17-18.00.03:356][812]LogModuleManager: Shutting down and abandoning module HeadMountedDisplay (72)
[2021.06.17-18.00.03:356][812]LogModuleManager: Shutting down and abandoning module XAudio2 (71)
[2021.06.17-18.00.03:356][812]LogModuleManager: Shutting down and abandoning module Networking (69)
[2021.06.17-18.00.03:356][812]LogModuleManager: Shutting down and abandoning module Core (68)
[2021.06.17-18.00.03:356][812]LogModuleManager: Shutting down and abandoning module DirectoryWatcher (67)
[2021.06.17-18.00.03:356][812]LogDirectoryWatcher: A directory notification for '../../../Engine/Content/' was aborted.
[2021.06.17-18.00.03:356][812]LogDirectoryWatcher: A directory notification for '../../../../../../Users/Cris/Documents/Unreal Projects/MainMenu/Content/' was aborted.
[2021.06.17-18.00.03:357][812]LogDirectoryWatcher: A directory notification for '../../../Engine/Plugins/2D/Paper2D/Content/' was aborted.
[2021.06.17-18.00.03:358][812]LogModuleManager: Shutting down and abandoning module AssetRegistry (66)
[2021.06.17-18.00.03:570][812]LogModuleManager: Shutting down and abandoning module KismetCompiler (65)
[2021.06.17-18.00.03:570][812]LogModuleManager: Shutting down and abandoning module PhysXFormats (64)
[2021.06.17-18.00.03:570][812]LogModuleManager: Shutting down and abandoning module MeshUtilities (63)
[2021.06.17-18.00.03:571][812]LogModuleManager: Shutting down and abandoning module DerivedDataCache (62)
[2021.06.17-18.00.03:615][812]LogDerivedDataCache: Shutdown
[2021.06.17-18.00.03:615][812]LogModuleManager: Shutting down and abandoning module VulkanShaderFormat (61)
[2021.06.17-18.00.03:615][812]LogModuleManager: Shutting down and abandoning module ShaderFormatOpenGL (60)
[2021.06.17-18.00.03:615][812]LogModuleManager: Shutting down and abandoning module ShaderFormatD3D (59)
[2021.06.17-18.00.03:615][812]LogModuleManager: Shutting down and abandoning module MetalShaderFormat (58)
[2021.06.17-18.00.03:615][812]LogModuleManager: Shutting down and abandoning module TextureFormatUncompressed (57)
[2021.06.17-18.00.03:615][812]LogModuleManager: Shutting down and abandoning module TextureFormatPVR (56)
[2021.06.17-18.00.03:615][812]LogModuleManager: Shutting down and abandoning module TextureFormatDXT (55)
[2021.06.17-18.00.03:615][812]LogModuleManager: Shutting down and abandoning module TextureFormatIntelISPCTexComp (54)
[2021.06.17-18.00.03:615][812]LogModuleManager: Shutting down and abandoning module ImageWrapper (53)
[2021.06.17-18.00.03:615][812]LogModuleManager: Shutting down and abandoning module TextureFormatASTC (52)
[2021.06.17-18.00.03:615][812]LogModuleManager: Shutting down and abandoning module TextureFormatAndroid (51)
[2021.06.17-18.00.03:615][812]LogModuleManager: Shutting down and abandoning module AudioFormatOpus (50)
[2021.06.17-18.00.03:615][812]LogModuleManager: Shutting down and abandoning module AudioFormatOgg (49)
[2021.06.17-18.00.03:615][812]LogModuleManager: Shutting down and abandoning module AudioFormatADPCM (48)
[2021.06.17-18.00.03:615][812]LogModuleManager: Shutting down and abandoning module LinuxTargetPlatform (47)
[2021.06.17-18.00.03:615][812]LogModuleManager: Shutting down and abandoning module LinuxServerTargetPlatform (46)
[2021.06.17-18.00.03:615][812]LogModuleManager: Shutting down and abandoning module LinuxNoEditorTargetPlatform (45)
[2021.06.17-18.00.03:615][812]LogModuleManager: Shutting down and abandoning module LinuxClientTargetPlatform (44)
[2021.06.17-18.00.03:615][812]LogModuleManager: Shutting down and abandoning module TVOSTargetPlatform (43)
[2021.06.17-18.00.03:615][812]LogModuleManager: Shutting down and abandoning module Messaging (42)
[2021.06.17-18.00.03:615][812]LogModuleManager: Shutting down and abandoning module IOSTargetPlatform (41)
[2021.06.17-18.00.03:615][812]LogModuleManager: Shutting down and abandoning module HTML5TargetPlatform (40)
[2021.06.17-18.00.03:615][812]LogModuleManager: Shutting down and abandoning module Android_PVRTCTargetPlatform (39)
[2021.06.17-18.00.03:615][812]LogModuleManager: Shutting down and abandoning module Android_MultiTargetPlatform (38)
[2021.06.17-18.00.03:615][812]LogModuleManager: Shutting down and abandoning module Android_ETC2TargetPlatform (37)
[2021.06.17-18.00.03:615][812]LogModuleManager: Shutting down and abandoning module Android_ETC1TargetPlatform (36)
[2021.06.17-18.00.03:615][812]LogModuleManager: Shutting down and abandoning module Android_DXTTargetPlatform (35)
[2021.06.17-18.00.03:615][812]LogModuleManager: Shutting down and abandoning module Android_ATCTargetPlatform (34)
[2021.06.17-18.00.03:615][812]LogModuleManager: Shutting down and abandoning module Android_ASTCTargetPlatform (33)
[2021.06.17-18.00.03:616][812]LogModuleManager: Shutting down and abandoning module AndroidTargetPlatform (32)
[2021.06.17-18.00.03:616][812]LogModuleManager: Shutting down and abandoning module WindowsTargetPlatform (31)
[2021.06.17-18.00.03:616][812]LogModuleManager: Shutting down and abandoning module WindowsServerTargetPlatform (30)
[2021.06.17-18.00.03:616][812]LogModuleManager: Shutting down and abandoning module WindowsNoEditorTargetPlatform (29)
[2021.06.17-18.00.03:616][812]LogModuleManager: Shutting down and abandoning module WindowsClientTargetPlatform (28)
[2021.06.17-18.00.03:616][812]LogModuleManager: Shutting down and abandoning module AllDesktopTargetPlatform (27)
[2021.06.17-18.00.03:616][812]LogModuleManager: Shutting down and abandoning module TargetPlatform (26)
[2021.06.17-18.00.03:616][812]LogModuleManager: Shutting down and abandoning module InputCore (25)
[2021.06.17-18.00.03:616][812]LogModuleManager: Shutting down and abandoning module Settings (24)
[2021.06.17-18.00.03:616][812]LogModuleManager: Shutting down and abandoning module OculusRift (23)
[2021.06.17-18.00.03:616][812]LogModuleManager: Shutting down and abandoning module GearVR (22)
[2021.06.17-18.00.03:616][812]LogModuleManager: Shutting down and abandoning module ExampleDeviceProfileSelector (21)
[2021.06.17-18.00.03:616][812]LogModuleManager: Shutting down and abandoning module OnlineBlueprintSupport (20)
[2021.06.17-18.00.03:616][812]LogModuleManager: Shutting down and abandoning module OnlineSubsystem (18)
[2021.06.17-18.00.03:616][812]LogOnline:Display: Unloading online subsystem: NULL
[2021.06.17-18.00.03:616][812]LogModuleManager: Shutting down and abandoning module HTTP (17)
[2021.06.17-18.00.03:616][812]LogHttp:Display: Http module shutting down, but needs to wait on 1 outstanding Http requests:
[2021.06.17-18.00.03:616][812]LogHttp:Display: 	verb=[POST] url=[https://datarouter.ol.epicgames.com/datarouter/api/v1/public/data?SessionID=%7BA521AC2B-4428-75B7-7043-D197D0855B4C%7D&AppID=UEEditor.Rocket.Release&AppVersion=4.13.2-3172292%2B%2B%2BUE4%2BRelease-4.13&UserID=da5c6cb94ff646a01f2466bd49fb41a6%7Cb8669eb8c1614a45b9601f8155674ec9%7C47b83b40-f071-4b76-8eee-18a2eb1da47b&AppEnvironment=datacollector-binary&UploadType=eteventstream] status=Processing
[2021.06.17-18.00.03:625][812]LogModuleManager: Shutting down and abandoning module XMPP (16)
[2021.06.17-18.00.03:625][812]LogModuleManager: Shutting down and abandoning module TextureCompressor (15)
[2021.06.17-18.00.03:626][812]LogModuleManager: Shutting down and abandoning module ShaderCore (14)
[2021.06.17-18.00.03:626][812]LogModuleManager: Shutting down and abandoning module Landscape (13)
[2021.06.17-18.00.03:626][812]LogModuleManager: Shutting down and abandoning module SlateRHIRenderer (12)
[2021.06.17-18.00.03:631][812]LogModuleManager: Shutting down and abandoning module OpenGLDrv (11)
[2021.06.17-18.00.03:631][812]LogModuleManager: Shutting down and abandoning module D3D11RHI (10)
[2021.06.17-18.00.03:631][812]LogModuleManager: Shutting down and abandoning module D3D12RHI (9)
[2021.06.17-18.00.03:631][812]LogModuleManager: Shutting down and abandoning module AnimGraphRuntime (8)
[2021.06.17-18.00.03:631][812]LogModuleManager: Shutting down and abandoning module Renderer (7)
[2021.06.17-18.00.03:631][812]LogModuleManager: Shutting down and abandoning module Engine (6)
[2021.06.17-18.00.03:631][812]LogModuleManager: Shutting down and abandoning module CoreUObject (5)
[2021.06.17-18.00.03:631][812]LogModuleManager: Shutting down and abandoning module NetworkFile (4)
[2021.06.17-18.00.03:631][812]LogModuleManager: Shutting down and abandoning module StreamingFile (3)
[2021.06.17-18.00.03:631][812]LogModuleManager: Shutting down and abandoning module SandboxFile (2)
[2021.06.17-18.00.03:631][812]LogModuleManager: Shutting down and abandoning module PakFile (1)
[2021.06.17-18.00.03:633][812]LogExit: Exiting.
[2021.06.17-18.00.03:635][812]Log file closed, 06/17/21 14:00:03
