Log file open, 06/15/21 16:06:15
LogInit:Display: Running engine for game: MainMenu
LogPlatformFile: Not using cached read wrapper
LogInit:Display: RandInit(1735175697) SRandInit(1735175697).
LogTaskGraph: Started task graph with 5 named threads and 10 total threads with 1 sets of task threads.
LogStats: Stats thread started at 0.125638
LogPluginManager: Loaded Plugin Paper2D, From C:/Program Files/Epic Games/UE_4.13/Engine/Plugins/2D/Paper2D/Paper2D.uplugin
LogPluginManager: Loaded Plugin LightPropagationVolume, From C:/Program Files/Epic Games/UE_4.13/Engine/Plugins/Blendables/LightPropagationVolume/LightPropagationVolume.uplugin
LogPluginManager: Loaded Plugin BlankPlugin, From C:/Program Files/Epic Games/UE_4.13/Engine/Plugins/Developer/BlankPlugin/BlankPlugin.uplugin
LogPluginManager: Loaded Plugin CodeLiteSourceCodeAccess, From C:/Program Files/Epic Games/UE_4.13/Engine/Plugins/Developer/CodeLiteSourceCodeAccess/CodeLiteSourceCodeAccess.uplugin
LogPluginManager: Loaded Plugin GitSourceControl, From C:/Program Files/Epic Games/UE_4.13/Engine/Plugins/Developer/GitSourceControl/GitSourceControl.uplugin
LogPluginManager: Loaded Plugin KDevelopSourceCodeAccess, From C:/Program Files/Epic Games/UE_4.13/Engine/Plugins/Developer/KDevelopSourceCodeAccess/KDevelopSourceCodeAccess.uplugin
LogPluginManager: Loaded Plugin NullSourceCodeAccess, From C:/Program Files/Epic Games/UE_4.13/Engine/Plugins/Developer/NullSourceCodeAccess/NullSourceCodeAccess.uplugin
LogPluginManager: Loaded Plugin OneSkyLocalizationService, From C:/Program Files/Epic Games/UE_4.13/Engine/Plugins/Developer/OneSkyLocalizationService/OneSkyLocalizationService.uplugin
LogPluginManager: Loaded Plugin PerforceSourceControl, From C:/Program Files/Epic Games/UE_4.13/Engine/Plugins/Developer/PerforceSourceControl/PerforceSourceControl.uplugin
LogPluginManager: Loaded Plugin SubversionSourceControl, From C:/Program Files/Epic Games/UE_4.13/Engine/Plugins/Developer/SubversionSourceControl/SubversionSourceControl.uplugin
LogPluginManager: Loaded Plugin UObjectPlugin, From C:/Program Files/Epic Games/UE_4.13/Engine/Plugins/Developer/UObjectPlugin/UObjectPlugin.uplugin
LogPluginManager: Loaded Plugin VisualStudioSourceCodeAccess, From C:/Program Files/Epic Games/UE_4.13/Engine/Plugins/Developer/VisualStudioSourceCodeAccess/VisualStudioSourceCodeAccess.uplugin
LogPluginManager: Loaded Plugin XCodeSourceCodeAccess, From C:/Program Files/Epic Games/UE_4.13/Engine/Plugins/Developer/XCodeSourceCodeAccess/XCodeSourceCodeAccess.uplugin
LogPluginManager: Loaded Plugin EpicSurvey, From C:/Program Files/Epic Games/UE_4.13/Engine/Plugins/Editor/EpicSurvey/EpicSurvey.uplugin
LogPluginManager: Loaded Plugin MacGraphicsSwitching, From C:/Program Files/Epic Games/UE_4.13/Engine/Plugins/Editor/MacGraphicsSwitching/MacGraphicsSwitching.uplugin
LogPluginManager: Loaded Plugin MobileLauncherProfileWizard, From C:/Program Files/Epic Games/UE_4.13/Engine/Plugins/Editor/MobileLauncherProfileWizard/MobileLauncherProfileWizard.uplugin
LogPluginManager: Loaded Plugin PluginBrowser, From C:/Program Files/Epic Games/UE_4.13/Engine/Plugins/Editor/PluginBrowser/PluginBrowser.uplugin
LogPluginManager: Loaded Plugin SpeedTreeImporter, From C:/Program Files/Epic Games/UE_4.13/Engine/Plugins/Editor/SpeedTreeImporter/SpeedTreeImporter.uplugin
LogPluginManager: Loaded Plugin SuperSearchEditor, From C:/Program Files/Epic Games/UE_4.13/Engine/Plugins/Editor/SuperSearchEditor/SuperSearchEditor.uplugin
LogPluginManager: Loaded Plugin AlembicImporter, From C:/Program Files/Epic Games/UE_4.13/Engine/Plugins/Experimental/AlembicImporter/AlembicImporter.uplugin
LogPluginManager: Loaded Plugin BlueprintStats, From C:/Program Files/Epic Games/UE_4.13/Engine/Plugins/Experimental/BlueprintStats/BlueprintStats.uplugin
LogPluginManager: Loaded Plugin CharacterAI, From C:/Program Files/Epic Games/UE_4.13/Engine/Plugins/Experimental/CharacterAI/CharacterAI.uplugin
LogPluginManager: Loaded Plugin CodeEditor, From C:/Program Files/Epic Games/UE_4.13/Engine/Plugins/Experimental/CodeEditor/CodeEditor.uplugin
LogPluginManager: Loaded Plugin CodeView, From C:/Program Files/Epic Games/UE_4.13/Engine/Plugins/Experimental/CodeView/CodeView.uplugin
LogPluginManager: Loaded Plugin HTML5Networking, From C:/Program Files/Epic Games/UE_4.13/Engine/Plugins/Experimental/HTML5Networking/HTML5Networking.uplugin
LogPluginManager: Loaded Plugin LiveEditor, From C:/Program Files/Epic Games/UE_4.13/Engine/Plugins/Experimental/LiveEditor/LiveEditor.uplugin
LogPluginManager: Loaded Plugin OSVR, From C:/Program Files/Epic Games/UE_4.13/Engine/Plugins/Experimental/OSVR/OSVR.uplugin
LogPluginManager: Loaded Plugin Phya, From C:/Program Files/Epic Games/UE_4.13/Engine/Plugins/Experimental/Phya/Phya.uplugin
LogPluginManager: Loaded Plugin SignificanceManager, From C:/Program Files/Epic Games/UE_4.13/Engine/Plugins/Experimental/SignificanceManager/SignificanceManager.uplugin
LogPluginManager: Loaded Plugin SimpleHMD, From C:/Program Files/Epic Games/UE_4.13/Engine/Plugins/Experimental/SimpleHMD/SimpleHMD.uplugin
LogPluginManager: Loaded Plugin StereoPanorama, From C:/Program Files/Epic Games/UE_4.13/Engine/Plugins/Experimental/StereoPanorama/StereoPanorama.uplugin
LogPluginManager: Loaded Plugin StructBox, From C:/Program Files/Epic Games/UE_4.13/Engine/Plugins/Experimental/StructBox/StructBox.uplugin
LogPluginManager: Loaded Plugin AndroidMedia, From C:/Program Files/Epic Games/UE_4.13/Engine/Plugins/Media/AndroidMedia/AndroidMedia.uplugin
LogPluginManager: Loaded Plugin AvfMedia, From C:/Program Files/Epic Games/UE_4.13/Engine/Plugins/Media/AvfMedia/AvfMedia.uplugin
LogPluginManager: Loaded Plugin MediaPlayerEditor, From C:/Program Files/Epic Games/UE_4.13/Engine/Plugins/Media/MediaPlayerEditor/MediaPlayerEditor.uplugin
LogPluginManager: Loaded Plugin WmfMedia, From C:/Program Files/Epic Games/UE_4.13/Engine/Plugins/Media/WmfMedia/WmfMedia.uplugin
LogPluginManager: Loaded Plugin MessagingDebugger, From C:/Program Files/Epic Games/UE_4.13/Engine/Plugins/Messaging/MessagingDebugger/MessagingDebugger.uplugin
LogPluginManager: Loaded Plugin TcpMessaging, From C:/Program Files/Epic Games/UE_4.13/Engine/Plugins/Messaging/TcpMessaging/TcpMessaging.uplugin
LogPluginManager: Loaded Plugin UdpMessaging, From C:/Program Files/Epic Games/UE_4.13/Engine/Plugins/Messaging/UdpMessaging/UdpMessaging.uplugin
LogPluginManager: Loaded Plugin LevelSequenceEditor, From C:/Program Files/Epic Games/UE_4.13/Engine/Plugins/MovieScene/LevelSequenceEditor/LevelSequenceEditor.uplugin
LogPluginManager: Loaded Plugin MatineeToLevelSequence, From C:/Program Files/Epic Games/UE_4.13/Engine/Plugins/MovieScene/MatineeToLevelSequence/MatineeToLevelSequence.uplugin
LogPluginManager: Loaded Plugin NetcodeUnitTest, From C:/Program Files/Epic Games/UE_4.13/Engine/Plugins/NetcodeUnitTest/NetcodeUnitTest/NetcodeUnitTest.uplugin
LogPluginManager: Loaded Plugin NUTUnrealEngine4, From C:/Program Files/Epic Games/UE_4.13/Engine/Plugins/NetcodeUnitTest/NUTUnrealEngine4/NUTUnrealEngine4.uplugin
LogPluginManager: Loaded Plugin OnlineSubsystemGooglePlay, From C:/Program Files/Epic Games/UE_4.13/Engine/Plugins/Online/Android/OnlineSubsystemGooglePlay/OnlineSubsystemGooglePlay.uplugin
LogPluginManager: Loaded Plugin OnlineSubsystemIOS, From C:/Program Files/Epic Games/UE_4.13/Engine/Plugins/Online/IOS/OnlineSubsystemIOS/OnlineSubsystemIOS.uplugin
LogPluginManager: Loaded Plugin OnlineFramework, From C:/Program Files/Epic Games/UE_4.13/Engine/Plugins/Online/OnlineFramework/OnlineFramework.uplugin
LogPluginManager: Loaded Plugin OnlineSubsystem, From C:/Program Files/Epic Games/UE_4.13/Engine/Plugins/Online/OnlineSubsystem/OnlineSubsystem.uplugin
LogPluginManager: Loaded Plugin OnlineSubsystemAmazon, From C:/Program Files/Epic Games/UE_4.13/Engine/Plugins/Online/OnlineSubsystemAmazon/OnlineSubsystemAmazon.uplugin
LogPluginManager: Loaded Plugin OnlineSubsystemFacebook, From C:/Program Files/Epic Games/UE_4.13/Engine/Plugins/Online/OnlineSubsystemFacebook/OnlineSubsystemFacebook.uplugin
LogPluginManager: Loaded Plugin OnlineSubsystemNull, From C:/Program Files/Epic Games/UE_4.13/Engine/Plugins/Online/OnlineSubsystemNull/OnlineSubsystemNull.uplugin
LogPluginManager: Loaded Plugin OnlineSubsystemOculus, From C:/Program Files/Epic Games/UE_4.13/Engine/Plugins/Online/OnlineSubsystemOculus/OnlineSubsystemOculus.uplugin
LogPluginManager: Loaded Plugin OnlineSubsystemSteam, From C:/Program Files/Epic Games/UE_4.13/Engine/Plugins/Online/OnlineSubsystemSteam/OnlineSubsystemSteam.uplugin
LogPluginManager: Loaded Plugin OnlineSubsystemUtils, From C:/Program Files/Epic Games/UE_4.13/Engine/Plugins/Online/OnlineSubsystemUtils/OnlineSubsystemUtils.uplugin
LogPluginManager: Loaded Plugin IOSTapJoy, From C:/Program Files/Epic Games/UE_4.13/Engine/Plugins/Runtime/Advertising/IOSTapJoy/IOSTapJoy.uplugin
LogPluginManager: Loaded Plugin AnalyticsBlueprintLibrary, From C:/Program Files/Epic Games/UE_4.13/Engine/Plugins/Runtime/Analytics/AnalyticsBlueprintLibrary/AnalyticsBlueprintLibrary.uplugin
LogPluginManager: Loaded Plugin AnalyticsMulticast, From C:/Program Files/Epic Games/UE_4.13/Engine/Plugins/Runtime/Analytics/AnalyticsMulticast/AnalyticsMulticast.uplugin
LogPluginManager: Loaded Plugin Apsalar, From C:/Program Files/Epic Games/UE_4.13/Engine/Plugins/Runtime/Analytics/Apsalar/Apsalar.uplugin
LogPluginManager: Loaded Plugin FileLogging, From C:/Program Files/Epic Games/UE_4.13/Engine/Plugins/Runtime/Analytics/FileLogging/FileLogging.uplugin
LogPluginManager: Loaded Plugin Flurry, From C:/Program Files/Epic Games/UE_4.13/Engine/Plugins/Runtime/Analytics/Flurry/Flurry.uplugin
LogPluginManager: Loaded Plugin AndroidDeviceProfileSelector, From C:/Program Files/Epic Games/UE_4.13/Engine/Plugins/Runtime/AndroidDeviceProfileSelector/AndroidDeviceProfileSelector.uplugin
LogPluginManager: Loaded Plugin AndroidMoviePlayer, From C:/Program Files/Epic Games/UE_4.13/Engine/Plugins/Runtime/AndroidMoviePlayer/AndroidMoviePlayer.uplugin
LogPluginManager: Loaded Plugin AppleMoviePlayer, From C:/Program Files/Epic Games/UE_4.13/Engine/Plugins/Runtime/AppleMoviePlayer/AppleMoviePlayer.uplugin
LogPluginManager: Loaded Plugin ArchVisCharacter, From C:/Program Files/Epic Games/UE_4.13/Engine/Plugins/Runtime/ArchVisCharacter/ArchVisCharacter.uplugin
LogPluginManager: Loaded Plugin CableComponent, From C:/Program Files/Epic Games/UE_4.13/Engine/Plugins/Runtime/CableComponent/CableComponent.uplugin
LogPluginManager: Loaded Plugin CustomMeshComponent, From C:/Program Files/Epic Games/UE_4.13/Engine/Plugins/Runtime/CustomMeshComponent/CustomMeshComponent.uplugin
LogPluginManager: Loaded Plugin ExampleDeviceProfileSelector, From C:/Program Files/Epic Games/UE_4.13/Engine/Plugins/Runtime/ExampleDeviceProfileSelector/ExampleDeviceProfileSelector.uplugin
LogPluginManager: Loaded Plugin GearVR, From C:/Program Files/Epic Games/UE_4.13/Engine/Plugins/Runtime/GearVR/GearVR.uplugin
LogPluginManager: Loaded Plugin GoogleVRController, From C:/Program Files/Epic Games/UE_4.13/Engine/Plugins/Runtime/GoogleVR/GoogleVRController/GoogleVRController.uplugin
LogPluginManager: Loaded Plugin GoogleVRHMD, From C:/Program Files/Epic Games/UE_4.13/Engine/Plugins/Runtime/GoogleVR/GoogleVRHMD/GoogleVRHMD.uplugin
LogPluginManager: Loaded Plugin IOSDeviceProfileSelector, From C:/Program Files/Epic Games/UE_4.13/Engine/Plugins/Runtime/IOSDeviceProfileSelector/IOSDeviceProfileSelector.uplugin
LogPluginManager: Loaded Plugin LeapMotion, From C:/Program Files/Epic Games/UE_4.13/Engine/Plugins/Runtime/LeapMotion/LeapMotion.uplugin
LogPluginManager: Loaded Plugin LinuxDeviceProfileSelector, From C:/Program Files/Epic Games/UE_4.13/Engine/Plugins/Runtime/LinuxDeviceProfileSelector/LinuxDeviceProfileSelector.uplugin
LogPluginManager: Loaded Plugin LiveEditorListenServer, From C:/Program Files/Epic Games/UE_4.13/Engine/Plugins/Runtime/LiveEditorListenServer/LiveEditorListenServer.uplugin
LogPluginManager: Loaded Plugin OculusAudio, From C:/Program Files/Epic Games/UE_4.13/Engine/Plugins/Runtime/OculusAudio/OculusAudio.uplugin
LogPluginManager: Loaded Plugin OculusInput, From C:/Program Files/Epic Games/UE_4.13/Engine/Plugins/Runtime/OculusInput/OculusInput.uplugin
LogPluginManager: Loaded Plugin OculusLibrary, From C:/Program Files/Epic Games/UE_4.13/Engine/Plugins/Runtime/OculusLibrary/OculusLibrary.uplugin
LogPluginManager: Loaded Plugin OculusRift, From C:/Program Files/Epic Games/UE_4.13/Engine/Plugins/Runtime/OculusRift/OculusRift.uplugin
LogPluginManager: Loaded Plugin Oodle, From C:/Program Files/Epic Games/UE_4.13/Engine/Plugins/Runtime/PacketHandlers/CompressionComponents/Oodle/Oodle.uplugin
LogPluginManager: Loaded Plugin ProceduralMeshComponent, From C:/Program Files/Epic Games/UE_4.13/Engine/Plugins/Runtime/ProceduralMeshComponent/ProceduralMeshComponent.uplugin
LogPluginManager: Loaded Plugin SoundMod, From C:/Program Files/Epic Games/UE_4.13/Engine/Plugins/Runtime/SoundMod/SoundMod.uplugin
LogPluginManager: Loaded Plugin SoundVisualizations, From C:/Program Files/Epic Games/UE_4.13/Engine/Plugins/Runtime/SoundVisualizations/SoundVisualizations.uplugin
LogPluginManager: Loaded Plugin SteamController, From C:/Program Files/Epic Games/UE_4.13/Engine/Plugins/Runtime/Steam/SteamController/SteamController.uplugin
LogPluginManager: Loaded Plugin SteamVR, From C:/Program Files/Epic Games/UE_4.13/Engine/Plugins/Runtime/Steam/SteamVR/SteamVR.uplugin
LogPluginManager: Loaded Plugin WebBrowserWidget, From C:/Program Files/Epic Games/UE_4.13/Engine/Plugins/Runtime/WebBrowserWidget/WebBrowserWidget.uplugin
LogPluginManager: Loaded Plugin WindowsDeviceProfileSelector, From C:/Program Files/Epic Games/UE_4.13/Engine/Plugins/Runtime/WindowsDeviceProfileSelector/WindowsDeviceProfileSelector.uplugin
LogPluginManager: Loaded Plugin WindowsMoviePlayer, From C:/Program Files/Epic Games/UE_4.13/Engine/Plugins/Runtime/WindowsMoviePlayer/WindowsMoviePlayer.uplugin
LogPluginManager: Loaded Plugin ScriptPlugin, From C:/Program Files/Epic Games/UE_4.13/Engine/Plugins/ScriptPlugin/ScriptPlugin.uplugin
LogPluginManager: Loaded Plugin SlateRemote, From C:/Program Files/Epic Games/UE_4.13/Engine/Plugins/Slate/SlateRemote/SlateRemote.uplugin
LogInit: Using libcurl 7.47.1
LogInit:  - built for x86_64-pc-win32
LogInit:  - supports SSL with WinSSL
LogInit:  - other features:
LogInit:      CURL_VERSION_SSL
LogInit:      CURL_VERSION_IPV6
LogInit:      CURL_VERSION_ASYNCHDNS
LogInit:      CURL_VERSION_LARGEFILE
LogInit:      CURL_VERSION_IDN
LogInit:  CurlRequestOptions (configurable via config and command line):
LogInit:  - bVerifyPeer = false  - Libcurl will NOT verify peer certificate
LogInit:  - bUseHttpProxy = false  - Libcurl will NOT use HTTP proxy
LogInit:  - bDontReuseConnections = false  - Libcurl will reuse connections
LogInit:  - CertBundlePath = nullptr  - Libcurl will use whatever was configured at build time.
LogInit: Build: ++UE4+Release-4.13-CL-3172292
LogInit: Engine Version: 4.13.2-3172292+++UE4+Release-4.13
LogInit: Compatible Engine Version: 4.13.0-3106830+++UE4+Release-4.13
LogInit: Net CL: 3172292
LogDevObjectVersion: Number of dev versions registered: 13
LogDevObjectVersion:   Dev-Blueprints (B0D832E4-1F89-4F0D-ACCF-7EB736FD4AA2): 5
LogDevObjectVersion:   Dev-Build (E1C64328-A22C-4D53-A36C-8E866417BD8C): 0
LogDevObjectVersion:   Dev-Core (375EC13C-06E4-48FB-B500-84F0262A717E): 1
LogDevObjectVersion:   Dev-Editor (E4B068ED-F494-42E9-A231-DA0B2E46BB41): 6
LogDevObjectVersion:   Dev-Framework (CFFC743F-43B0-4480-9391-14DF171D2073): 12
LogDevObjectVersion:   Dev-Mobile (B02B49B5-BB20-44E9-A304-32B752E40360): 0
LogDevObjectVersion:   Dev-Networking (A4E4105C-59A1-49B5-A7C5-40C4547EDFEE): 0
LogDevObjectVersion:   Dev-Online (39C831C9-5AE6-47DC-9A44-9C173E1C8E7C): 0
LogDevObjectVersion:   Dev-Physics (78F01B33-EBEA-4F98-B9B4-84EACCB95AA2): 0
LogDevObjectVersion:   Dev-Platform (6631380F-2D4D-43E0-8009-CF276956A95A): 0
LogDevObjectVersion:   Dev-Rendering (12F88B9F-8875-4AFC-A67C-D90C383ABD29): 4
LogDevObjectVersion:   Dev-Sequencer (7B5AE74C-D270-4C10-A958-57980B212A5A): 0
LogDevObjectVersion:   Dev-VR (D7296918-1DD6-4BDD-9DE2-64A83CC13884): 0
LogInit: Compiled (64-bit): Oct 24 2016 14:29:06
LogInit: Compiled with Visual C++: 19.00.23026.00
LogInit: Build Configuration: Development
LogInit: Branch Name: ++UE4+Release-4.13
LogInit: Command line: -EpicPortal  -epicusername="lookwat" -epicuserid=b8669eb8c1614a45b9601f8155674ec9 -epiclocale=en
LogInit: Base directory: C:/Program Files/Epic Games/UE_4.13/Engine/Binaries/Win64/
LogInit: Installed Engine Build: 1
LogInit: Presizing for max 8388607 objects, including 0 objects not considered by GC, pre-allocating 0 bytes for permanent pool.
LogInit: Object subsystem initialized
[2021.06.15-20.06.15:662][  0]LogInit: Selected Device Profile: [Windows]
[2021.06.15-20.06.15:662][  0]LogInit: Applying CVar settings loaded from the selected device profile: [Windows]
[2021.06.15-20.06.15:672][  0]LogInit: Computer: YAM
[2021.06.15-20.06.15:672][  0]LogInit: User: Cris
[2021.06.15-20.06.15:672][  0]LogInit: CPU Page size=65536, Cores=6
[2021.06.15-20.06.15:672][  0]LogInit: High frequency timer resolution =10.000000 MHz
[2021.06.15-20.06.15:672][  0]LogMemory: Memory total: Physical=15.9GB (16GB approx)
[2021.06.15-20.06.15:672][  0]LogMemory: Platform Memory Stats for Windows
[2021.06.15-20.06.15:672][  0]LogMemory: Process Physical Memory: 258.45 MB used, 258.46 MB peak
[2021.06.15-20.06.15:672][  0]LogMemory: Process Virtual Memory: 260.25 MB used, 260.25 MB peak
[2021.06.15-20.06.15:672][  0]LogMemory: Physical Memory: 10020.73 MB used, 16332.43 MB total
[2021.06.15-20.06.15:672][  0]LogMemory: Virtual Memory: 4745.11 MB used, 134217728.00 MB total
[2021.06.15-20.06.15:704][  0]LogTextLocalizationManager: No specific translations for ('en-US') exist, so ('en') translations will be used.
[2021.06.15-20.06.16:293][  0]LogD3D11RHI: D3D11 adapters:
[2021.06.15-20.06.16:338][  0]LogD3D11RHI:    0. 'AMD Radeon RX 6800' (Feature Level 11_0)
[2021.06.15-20.06.16:338][  0]LogD3D11RHI:       16339/0/8166 MB DedicatedVideo/DedicatedSystem/SharedSystem, Outputs:2, VendorId:0x1002
[2021.06.15-20.06.16:341][  0]LogD3D11RHI:    1. 'Microsoft Basic Render Driver' (Feature Level 11_0)
[2021.06.15-20.06.16:341][  0]LogD3D11RHI:       0/0/8166 MB DedicatedVideo/DedicatedSystem/SharedSystem, Outputs:0, VendorId:0x1414
[2021.06.15-20.06.16:341][  0]LogD3D11RHI: Chosen D3D11 Adapter: 0
[2021.06.15-20.06.16:349][  0]LogD3D11RHI: Creating new Direct3DDevice
[2021.06.15-20.06.16:349][  0]LogD3D11RHI:     GPU DeviceId: 0x73bf (for the marketing name, search the web for "GPU Device Id")
[2021.06.15-20.06.16:349][  0]LogWindows: EnumDisplayDevices:
[2021.06.15-20.06.16:349][  0]LogWindows:    0. 'AMD Radeon RX 6800' (P:1 D:1)
[2021.06.15-20.06.16:349][  0]LogWindows:    1. 'AMD Radeon RX 6800' (P:0 D:1)
[2021.06.15-20.06.16:350][  0]LogWindows:    2. 'AMD Radeon RX 6800' (P:0 D:0)
[2021.06.15-20.06.16:350][  0]LogWindows:    3. 'AMD Radeon RX 6800' (P:0 D:0)
[2021.06.15-20.06.16:350][  0]LogWindows:    4. 'AMD Radeon RX 6800' (P:0 D:0)
[2021.06.15-20.06.16:350][  0]LogWindows:    5. 'AMD Radeon RX 6800' (P:0 D:0)
[2021.06.15-20.06.16:351][  0]LogWindows:    6. 'AMD Radeon RX 6800' (P:0 D:0)
[2021.06.15-20.06.16:351][  0]LogWindows:    7. 'AMD Radeon RX 6800' (P:0 D:0)
[2021.06.15-20.06.16:351][  0]LogWindows: DebugString: GetVideoDriverDetailsInvalid PrimaryIsNotTheChoosenAdapter GetVideoDriverDetailsInvalid PrimaryIsNotTheChoosenAdapter GetVideoDriverDetailsInvalid PrimaryIsNotTheChoosenAdapter GetVideoDriverDetailsInvalid PrimaryIsNotTheChoosenAdapter GetVideoDriverDetailsInvalid PrimaryIsNotTheChoosenAdapter GetVideoDriverDetailsInvalid PrimaryIsNotTheChoosenAdapter GetVideoDriverDetailsInvalid PrimaryIsNotTheChoosenAdapter GetVideoDriverDetailsInvalid PrimaryIsNotTheChoosenAdapter FoundDriverCount:0 
[2021.06.15-20.06.16:351][  0]LogD3D11RHI:     Adapter Name: AMD Radeon RX 6800
[2021.06.15-20.06.16:351][  0]LogD3D11RHI:   Driver Version: Unknown (internal:Unknown, unified:Unknown)
[2021.06.15-20.06.16:351][  0]LogD3D11RHI:      Driver Date: Unknown
[2021.06.15-20.06.16:351][  0]LogRHI: Texture pool is 1361 MB (70% of 1945 MB)
[2021.06.15-20.06.16:381][  0]LogD3D11RHI: Async texture creation enabled
[2021.06.15-20.06.16:409][  0]LogD3D11RHI: GPU Timing Frequency: 100.000000 (Debug: 2 1)
[2021.06.15-20.06.16:411][  0]LogShaderCompilers: Guid format shader working directory is -19 characters bigger than the processId version (../../../../../../Users/Cris/Documents/Unreal Projects/MainMenu/Intermediate/Shaders/WorkingDirectory/10276/).
[2021.06.15-20.06.16:411][  0]LogShaderCompilers: Cleaned the shader compiler working directory 'C:/Users/Cris/AppData/Local/Temp/UnrealShaderWorkingDir/D41929B7477ACC5A90895195BFF4B5A8/'.
[2021.06.15-20.06.16:411][  0]LogShaderCompilers:Display: Using Local Shader Compiler.
[2021.06.15-20.06.17:327][  0]LogTemp:Display: Loaded TP AllDesktopTargetPlatform
[2021.06.15-20.06.17:337][  0]LogTemp:Display: Loaded TP WindowsClientTargetPlatform
[2021.06.15-20.06.17:346][  0]LogTemp:Display: Loaded TP WindowsNoEditorTargetPlatform
[2021.06.15-20.06.17:355][  0]LogTemp:Display: Loaded TP WindowsServerTargetPlatform
[2021.06.15-20.06.17:363][  0]LogTemp:Display: Loaded TP WindowsTargetPlatform
[2021.06.15-20.06.17:371][  0]LogTemp:Display: Loaded TP AndroidTargetPlatform
[2021.06.15-20.06.17:378][  0]LogTemp:Display: Loaded TP Android_ASTCTargetPlatform
[2021.06.15-20.06.17:385][  0]LogTemp:Display: Loaded TP Android_ATCTargetPlatform
[2021.06.15-20.06.17:394][  0]LogTemp:Display: Loaded TP Android_DXTTargetPlatform
[2021.06.15-20.06.17:403][  0]LogTemp:Display: Loaded TP Android_ETC1TargetPlatform
[2021.06.15-20.06.17:411][  0]LogTemp:Display: Loaded TP Android_ETC2TargetPlatform
[2021.06.15-20.06.17:425][  0]LogTemp:Display: Loaded TP Android_MultiTargetPlatform
[2021.06.15-20.06.17:425][  0]LogTemp:Display: Loaded TP Android_PVRTCTargetPlatform
[2021.06.15-20.06.17:427][  0]LogTemp:Display: Loaded TP HTML5TargetPlatform
[2021.06.15-20.06.17:449][  0]LogTemp:Display: Loaded TP IOSTargetPlatform
[2021.06.15-20.06.17:456][  0]LogTemp:Display: Loaded TP TVOSTargetPlatform
[2021.06.15-20.06.17:463][  0]LogTemp:Display: Loaded TP LinuxClientTargetPlatform
[2021.06.15-20.06.17:470][  0]LogTemp:Display: Loaded TP LinuxNoEditorTargetPlatform
[2021.06.15-20.06.17:477][  0]LogTemp:Display: Loaded TP LinuxServerTargetPlatform
[2021.06.15-20.06.17:485][  0]LogTemp:Display: Loaded TP LinuxTargetPlatform
[2021.06.15-20.06.17:485][  0]LogTargetPlatformManager:Display: Building Assets For Windows
[2021.06.15-20.06.17:569][  0]LogDerivedDataCache:Display: Max Cache Size: 512 MB
[2021.06.15-20.06.17:633][  0]LogDerivedDataCache: Loaded boot cache 0.06s 62MB C:/Users/Cris/AppData/Local/UnrealEngine/4.13/DerivedDataCache/Boot.ddc.
[2021.06.15-20.06.17:633][  0]LogDerivedDataCache:Display: Loaded Boot cache: C:/Users/Cris/AppData/Local/UnrealEngine/4.13/DerivedDataCache/Boot.ddc
[2021.06.15-20.06.17:633][  0]LogDerivedDataCache: FDerivedDataBackendGraph:  Pak pak cache file ../../../../../../Users/Cris/Documents/Unreal Projects/MainMenu/DerivedDataCache/DDC.ddp not found, will not use a pak cache.
[2021.06.15-20.06.17:633][  0]LogDerivedDataCache: Unable to find inner node Pak for hierarchical cache Hierarchy.
[2021.06.15-20.06.17:633][  0]LogDerivedDataCache: FDerivedDataBackendGraph:  CompressedPak pak cache file ../../../../../../Users/Cris/Documents/Unreal Projects/MainMenu/DerivedDataCache/Compressed.ddp not found, will not use a pak cache.
[2021.06.15-20.06.17:633][  0]LogDerivedDataCache: Unable to find inner node CompressedPak for hierarchical cache Hierarchy.
[2021.06.15-20.06.17:649][  0]LogDerivedDataCache:Display: Pak cache opened for reading ../../../Engine/DerivedDataCache/Compressed.ddp.
[2021.06.15-20.06.17:662][  0]LogDerivedDataCache: Using Local data cache path C:/Users/Cris/AppData/Local/UnrealEngine/Common/DerivedDataCache: Writable
[2021.06.15-20.06.17:859][  0]LogInit: Selected Device Profile: [Windows]
[2021.06.15-20.06.17:861][  0]LogContentStreaming: Texture pool size is 0.00 MB
[2021.06.15-20.06.17:940][  0]LogMeshUtilities: No automatic mesh reduction module available
[2021.06.15-20.06.17:940][  0]LogMeshUtilities: No automatic mesh merging module available
[2021.06.15-20.06.17:940][  0]LogMeshUtilities: No distributed automatic mesh merging module available
[2021.06.15-20.06.18:000][  0]LogMaterial: Uniform references updated for custom material expression Custom.
[2021.06.15-20.06.18:266][  0]LogNetVersion: GetLocalNetworkVersion: CL: 3106830, ProjectName: mainmenu, ProjectVersion: , EngineNetworkVersion: 1, GameNetworkVersion: 0, NetworkChecksum: 1690518737
[2021.06.15-20.06.18:302][  0]LogAssetRegistry: FAssetRegistry took 0.0223 seconds to start up
[2021.06.15-20.06.18:346][  0]LogPackageLocalizationCache: Processed 3 localized package path(s) for 2 prioritized culture(s) in 0.039589 seconds
[2021.06.15-20.06.18:352][  0]LogUObjectArray: 29778 objects as part of root set at end of initial load.
[2021.06.15-20.06.18:352][  0]LogUObjectAllocator: 6125456 out of 0 bytes used by permanent object pool.
[2021.06.15-20.06.18:352][  0]LogUObjectArray: CloseDisregardForGC: 0/0 objects in disregard for GC pool
[2021.06.15-20.06.18:358][  0]LogInit: WinSock: version 1.1 (2.2), MaxSocks=32767, MaxUdp=65467
[2021.06.15-20.06.18:565][  0]LogSlate: SlateFontCache - WITH_FREETYPE: 1, WITH_HARFBUZZ: 1
[2021.06.15-20.06.18:565][  0]LogSlate: SlateFontCache - WITH_FREETYPE: 1, WITH_HARFBUZZ: 1
[2021.06.15-20.06.19:213][  0]LogTcpMessaging: Initializing TcpMessaging bridge
[2021.06.15-20.06.19:237][  0]LogUdpMessaging: Initializing bridge on interface 0.0.0.0:0 to multicast group 230.0.0.1:6666.
[2021.06.15-20.06.19:484][  0]SourceControl: Info Source control is disabled
[2021.06.15-20.06.20:062][  0]SourceControl: Info Source control is disabled
[2021.06.15-20.06.20:074][  0]SourceControl: Info Source control is disabled
[2021.06.15-20.06.20:085][  0]SourceControl: Info Source control is disabled
[2021.06.15-20.06.20:490][  0]LogEngine: Initializing Engine...
[2021.06.15-20.06.20:491][  0]LogHMD: Failed to initialize OpenVR with code 110
[2021.06.15-20.06.20:657][  0]LogAIModule: Creating AISystem for world Untitled
[2021.06.15-20.06.20:678][  0]LogInit: XAudio2 using 'SPDIF Interface (FX-AUDIO-DAC-X6)' : 2 channels at 48 kHz using 24 bits per sample (channel mask 0x3)
[2021.06.15-20.06.20:725][  0]LogInit: FAudioDevice initialized.
[2021.06.15-20.06.20:790][  0]LogDerivedDataCache: Saved boot cache 0.06s 62MB C:/Users/Cris/AppData/Local/UnrealEngine/4.13/DerivedDataCache/Boot.ddc.
[2021.06.15-20.06.20:806][  0]LogInit: Texture streaming: Enabled
[2021.06.15-20.06.20:849][  0]LogInit: Transaction tracking system initialized
[2021.06.15-20.06.20:874][  0]BlueprintLog: New page: Editor Load
[2021.06.15-20.06.20:963][  0]LocalizationService: Info Localization service is disabled
[2021.06.15-20.06.21:057][  0]LogConsoleResponse:Display: 
[2021.06.15-20.06.21:153][  0]LogCook:Display: Max memory allowance for cook 16384mb min free memory 0mb
[2021.06.15-20.06.21:153][  0]LogCook:Display: Mobile HDR setting 1
[2021.06.15-20.06.21:263][  0]LogFileCache: Scanning file cache for directory 'C:/Users/Cris/Documents/Unreal Projects/MainMenu/Content/' took 0.02s
[2021.06.15-20.06.21:333][  0]SourceControl: Info Source control is disabled
[2021.06.15-20.06.21:333][  0]Cmd: MAP LOAD FILE="../../../../../../Users/Cris/Documents/Unreal Projects/MainMenu/Content/ThirdPersonBP/Maps/ThirdPersonExampleMap.umap" TEMPLATE=0 SHOWPROGRESS=1 FEATURELEVEL=3
[2021.06.15-20.06.21:334][  0]LightingResults: New page: Lighting Build
[2021.06.15-20.06.21:336][  0]MapCheck: New page: Map Check
[2021.06.15-20.06.21:336][  0]LightingResults: New page: Lighting Build
[2021.06.15-20.06.21:799][  0]LogAIModule: Creating AISystem for world ThirdPersonExampleMap
[2021.06.15-20.06.21:806][  0]LogEditorServer: Finished looking for orphan Actors (0.000 secs)
[2021.06.15-20.06.21:807][  0]Cmd: MAP CHECKDEP NOCLEARLOG
[2021.06.15-20.06.21:865][  0]MapCheck: Info Map check complete: 0 Error(s), 0 Warning(s), took 58.73ms to complete.
[2021.06.15-20.06.21:865][  0]LogFileHelpers: Loading map 'ThirdPersonExampleMap' took 0.532
[2021.06.15-20.06.22:007][  0]LogCollectionManager: Loaded 0 collections in 0.001717 seconds
[2021.06.15-20.06.22:053][  0]LogFileCache: Scanning file cache for directory 'C:/Users/Cris/Documents/Unreal Projects/MainMenu/Saved/Collections/' took 0.01s
[2021.06.15-20.06.22:053][  0]LogFileCache: Scanning file cache for directory 'C:/Users/Cris/Documents/Unreal Projects/MainMenu/Content/Developers/Cris/Collections/' took 0.01s
[2021.06.15-20.06.22:053][  0]LogFileCache: Scanning file cache for directory 'C:/Users/Cris/Documents/Unreal Projects/MainMenu/Content/Collections/' took 0.01s
[2021.06.15-20.06.22:053][  0]LogCollectionManager: Rebuilt the GUID cache for 0 collections in 0.000003 seconds
[2021.06.15-20.06.22:062][  0]LogContentBrowser: Native class hierarchy populated in 0.0086 seconds. Added 2141 classes and 415 folders.
[2021.06.15-20.06.22:066][  0]LogStats: UGameplayTagsManager::ConstructGameplayTagTree: Construct from data asset -  0.000 s
[2021.06.15-20.06.22:066][  0]LogStats: UGameplayTagsManager::ConstructGameplayTagTree: GameplayTagTreeChangedEvent.Broadcast -  0.000 s
[2021.06.15-20.06.22:067][  0]LogContentBrowser: Native class hierarchy updated for 'GameplayTags' in 0.0006 seconds. Added 12 classes and 0 folders.
[2021.06.15-20.06.22:072][  0]LogContentBrowser: Native class hierarchy updated for 'WidgetCarousel' in 0.0004 seconds. Added 0 classes and 0 folders.
[2021.06.15-20.06.22:121][  0]LogContentBrowser: Native class hierarchy updated for 'AddContentDialog' in 0.0005 seconds. Added 0 classes and 0 folders.
[2021.06.15-20.06.22:126][  0]LogContentBrowser: Native class hierarchy updated for 'SceneOutliner' in 0.0006 seconds. Added 1 classes and 2 folders.
[2021.06.15-20.06.22:140][  0]LogCrashTracker: Crashtracker disabled due to settings.
[2021.06.15-20.06.22:148][  0]LogUObjectGlobals:Warning: Failed to find object 'Class None.'
[2021.06.15-20.06.22:177][  0]LogContentBrowser: Native class hierarchy updated for 'HierarchicalLODOutliner' in 0.0005 seconds. Added 1 classes and 2 folders.
[2021.06.15-20.06.22:177][  0]LogLoad: (Engine Initialization) Total time: 7.59 seconds
[2021.06.15-20.06.22:177][  0]LogLoad: (Engine Initialization) Total Blueprint compile time: 0.14 seconds
[2021.06.15-20.06.22:177][  0]LogExternalProfiler: No external profilers were discovered.  External profiling features will not be available.
[2021.06.15-20.06.22:186][  0]LogOcInput: OculusInput pre-init called
[2021.06.15-20.06.22:205][  0]LogContentStreaming: Texture pool size now 1000 MB
[2021.06.15-20.06.22:352][  0]LogRenderer: Reallocating scene render targets to support 1208x576 (Frame:2).
[2021.06.15-20.06.22:582][  1]LogAssetRegistry: Asset discovery search completed in 4.3016 seconds
[2021.06.15-20.06.22:582][  1]LogCollectionManager: Rebuilt the object cache for 0 collections in 0.000000 seconds (found 0 objects)
[2021.06.15-20.06.22:582][  1]LogCollectionManager: Fixed up redirectors for 0 collections in 0.000019 seconds (updated 0 objects)
[2021.06.15-20.07.07:063][386]LogContentBrowser: Native class hierarchy updated for 'BlueprintGraph' in 0.0009 seconds. Added 112 classes and 0 folders.
[2021.06.15-20.07.13:694][846]LogWindowsTextInputMethodSystem:Display: IME system now deactivated.
[2021.06.15-20.07.13:858][847]Cmd: QUIT_EDITOR
[2021.06.15-20.07.13:941][847]LogExit: Preparing to exit.
[2021.06.15-20.07.14:393][847]LogDirectoryWatcher: A directory notification for 'C:/Users/Cris/Documents/Unreal Projects/MainMenu/Content/' was aborted.
[2021.06.15-20.07.14:414][847]LogExit: Editor shut down
[2021.06.15-20.07.14:415][847]LogExit: Transaction tracking system shut down
[2021.06.15-20.07.14:521][847]LogObj: Freed 0b from 0 cluster array pools.
[2021.06.15-20.07.14:521][847]LogExit: Object subsystem successfully closed.
[2021.06.15-20.07.14:538][847]LogD3D11RHI: Shutdown
[2021.06.15-20.07.14:538][847]LogD3D11RHI: CleanupD3DDevice
[2021.06.15-20.07.14:671][847]LogD3D11RHI: ~FD3D11DynamicRHI
[2021.06.15-20.07.14:691][847]LogModuleManager: Shutting down and abandoning module SequencerWidgets (236)
[2021.06.15-20.07.14:691][847]LogModuleManager: Shutting down and abandoning module BlueprintGraph (235)
[2021.06.15-20.07.14:691][847]LogModuleManager: Shutting down and abandoning module BlueprintProfiler (234)
[2021.06.15-20.07.14:691][847]LogModuleManager: Shutting down and abandoning module HierarchicalLODOutliner (233)
[2021.06.15-20.07.14:691][847]LogModuleManager: Shutting down and abandoning module CrashTracker (232)
[2021.06.15-20.07.14:691][847]LogModuleManager: Shutting down and abandoning module SceneOutliner (231)
[2021.06.15-20.07.14:691][847]LogModuleManager: Shutting down and abandoning module WidgetCarousel (230)
[2021.06.15-20.07.14:691][847]LogModuleManager: Shutting down and abandoning module AddContentDialog (229)
[2021.06.15-20.07.14:691][847]LogDirectoryWatcher: A directory notification for 'C:/Program Files/Epic Games/UE_4.13/FeaturePacks/' was aborted.
[2021.06.15-20.07.14:692][847]LogModuleManager: Shutting down and abandoning module GameplayTags (228)
[2021.06.15-20.07.14:692][847]LogModuleManager: Shutting down and abandoning module EditorWidgets (227)
[2021.06.15-20.07.14:692][847]LogModuleManager: Shutting down and abandoning module CollectionManager (226)
[2021.06.15-20.07.14:692][847]LogDirectoryWatcher: A directory notification for 'C:/Users/Cris/Documents/Unreal Projects/MainMenu/Content/Collections/' was aborted.
[2021.06.15-20.07.14:692][847]LogDirectoryWatcher: A directory notification for 'C:/Users/Cris/Documents/Unreal Projects/MainMenu/Content/Developers/Cris/Collections/' was aborted.
[2021.06.15-20.07.14:692][847]LogDirectoryWatcher: A directory notification for 'C:/Users/Cris/Documents/Unreal Projects/MainMenu/Saved/Collections/' was aborted.
[2021.06.15-20.07.14:692][847]LogModuleManager: Shutting down and abandoning module StatsViewer (225)
[2021.06.15-20.07.14:692][847]LogModuleManager: Shutting down and abandoning module FoliageEdit (224)
[2021.06.15-20.07.14:692][847]LogModuleManager: Shutting down and abandoning module LandscapeEditor (223)
[2021.06.15-20.07.14:692][847]LogModuleManager: Shutting down and abandoning module SceneDepthPickerMode (222)
[2021.06.15-20.07.14:692][847]LogModuleManager: Shutting down and abandoning module ActorPickerMode (221)
[2021.06.15-20.07.14:692][847]LogModuleManager: Shutting down and abandoning module GeometryMode (220)
[2021.06.15-20.07.14:692][847]LogModuleManager: Shutting down and abandoning module TextureAlignMode (219)
[2021.06.15-20.07.14:692][847]LogModuleManager: Shutting down and abandoning module BspMode (218)
[2021.06.15-20.07.14:692][847]LogModuleManager: Shutting down and abandoning module HardwareSurvey (217)
[2021.06.15-20.07.14:692][847]LogModuleManager: Shutting down and abandoning module SequenceRecorderSections (216)
[2021.06.15-20.07.14:692][847]LogModuleManager: Shutting down and abandoning module SequenceRecorder (215)
[2021.06.15-20.07.14:692][847]LogModuleManager: Shutting down and abandoning module AutomationWorker (214)
[2021.06.15-20.07.14:692][847]LogModuleManager: Shutting down and abandoning module MatineeToLevelSequence (213)
[2021.06.15-20.07.14:692][847]LogModuleManager: Shutting down and abandoning module PlacementMode (212)
[2021.06.15-20.07.14:692][847]LogModuleManager: Shutting down and abandoning module LevelSequenceEditor (211)
[2021.06.15-20.07.14:692][847]LogModuleManager: Shutting down and abandoning module WmfMediaFactory (210)
[2021.06.15-20.07.14:692][847]LogModuleManager: Shutting down and abandoning module WmfMediaEditor (209)
[2021.06.15-20.07.14:692][847]LogModuleManager: Shutting down and abandoning module AvfMediaFactory (208)
[2021.06.15-20.07.14:692][847]LogModuleManager: Shutting down and abandoning module AvfMediaEditor (207)
[2021.06.15-20.07.14:692][847]LogModuleManager: Shutting down and abandoning module Media (206)
[2021.06.15-20.07.14:692][847]LogModuleManager: Shutting down and abandoning module AndroidMediaFactory (205)
[2021.06.15-20.07.14:692][847]LogModuleManager: Shutting down and abandoning module AndroidMediaEditor (204)
[2021.06.15-20.07.14:692][847]LogModuleManager: Shutting down and abandoning module CharacterAI (203)
[2021.06.15-20.07.14:692][847]LogModuleManager: Shutting down and abandoning module SmartSnapping (202)
[2021.06.15-20.07.14:692][847]LogModuleManager: Shutting down and abandoning module SessionServices (201)
[2021.06.15-20.07.14:692][847]LogModuleManager: Shutting down and abandoning module ViewportSnapping (200)
[2021.06.15-20.07.14:692][847]LogModuleManager: Shutting down and abandoning module ViewportInteraction (199)
[2021.06.15-20.07.14:692][847]LogModuleManager: Shutting down and abandoning module LogVisualizer (198)
[2021.06.15-20.07.14:692][847]LogModuleManager: Shutting down and abandoning module GameProjectGeneration (197)
[2021.06.15-20.07.14:693][847]LogModuleManager: Shutting down and abandoning module IntroTutorials (196)
[2021.06.15-20.07.14:693][847]LogModuleManager: Shutting down and abandoning module EditorLiveStreaming (195)
[2021.06.15-20.07.14:693][847]LogModuleManager: Shutting down and abandoning module IOSPlatformEditor (194)
[2021.06.15-20.07.14:693][847]LogModuleManager: Shutting down and abandoning module HTML5PlatformEditor (193)
[2021.06.15-20.07.14:693][847]LogModuleManager: Shutting down and abandoning module AndroidDeviceDetection (192)
[2021.06.15-20.07.15:061][847]LogModuleManager: Shutting down and abandoning module AndroidPlatformEditor (191)
[2021.06.15-20.07.15:061][847]LogModuleManager: Shutting down and abandoning module IOSRuntimeSettings (190)
[2021.06.15-20.07.15:061][847]LogModuleManager: Shutting down and abandoning module AndroidRuntimeSettings (189)
[2021.06.15-20.07.15:061][847]LogModuleManager: Shutting down and abandoning module NiagaraEditor (188)
[2021.06.15-20.07.15:061][847]LogModuleManager: Shutting down and abandoning module MergeActors (187)
[2021.06.15-20.07.15:061][847]LogModuleManager: Shutting down and abandoning module SizeMap (186)
[2021.06.15-20.07.15:061][847]LogModuleManager: Shutting down and abandoning module TreeMap (185)
[2021.06.15-20.07.15:061][847]LogModuleManager: Shutting down and abandoning module ReferenceViewer (184)
[2021.06.15-20.07.15:061][847]LogModuleManager: Shutting down and abandoning module LocalizationService (183)
[2021.06.15-20.07.15:061][847]LogModuleManager: Shutting down and abandoning module LocalizationDashboard (182)
[2021.06.15-20.07.15:061][847]LogModuleManager: Shutting down and abandoning module HardwareTargeting (181)
[2021.06.15-20.07.15:061][847]LogModuleManager: Shutting down and abandoning module DeviceProfileEditor (180)
[2021.06.15-20.07.15:061][847]LogModuleManager: Shutting down and abandoning module UndoHistory (179)
[2021.06.15-20.07.15:061][847]LogModuleManager: Shutting down and abandoning module UserFeedback (178)
[2021.06.15-20.07.15:061][847]LogModuleManager: Shutting down and abandoning module XmlParser (177)
[2021.06.15-20.07.15:061][847]LogModuleManager: Shutting down and abandoning module Blutility (176)
[2021.06.15-20.07.15:061][847]LogModuleManager: Shutting down and abandoning module ProjectTargetPlatformEditor (175)
[2021.06.15-20.07.15:061][847]LogModuleManager: Shutting down and abandoning module ProjectSettingsViewer (174)
[2021.06.15-20.07.15:061][847]LogModuleManager: Shutting down and abandoning module InputBindingEditor (173)
[2021.06.15-20.07.15:061][847]LogModuleManager: Shutting down and abandoning module EditorSettingsViewer (172)
[2021.06.15-20.07.15:061][847]LogModuleManager: Shutting down and abandoning module SettingsEditor (171)
[2021.06.15-20.07.15:061][847]LogModuleManager: Shutting down and abandoning module ProjectLauncher (170)
[2021.06.15-20.07.15:061][847]LogModuleManager: Shutting down and abandoning module SessionFrontend (169)
[2021.06.15-20.07.15:062][847]LogModuleManager: Shutting down and abandoning module ProfilerClient (168)
[2021.06.15-20.07.15:062][847]LogModuleManager: Shutting down and abandoning module TargetDeviceServices (167)
[2021.06.15-20.07.15:062][847]LogModuleManager: Shutting down and abandoning module DeviceManager (166)
[2021.06.15-20.07.15:095][847]LogModuleManager: Shutting down and abandoning module AutomationController (165)
[2021.06.15-20.07.15:095][847]LogModuleManager: Shutting down and abandoning module AutomationWindow (164)
[2021.06.15-20.07.15:095][847]LogModuleManager: Shutting down and abandoning module Layers (163)
[2021.06.15-20.07.15:095][847]LogModuleManager: Shutting down and abandoning module ComponentVisualizers (162)
[2021.06.15-20.07.15:095][847]LogModuleManager: Shutting down and abandoning module DetailCustomizations (161)
[2021.06.15-20.07.15:095][847]LogModuleManager: Shutting down and abandoning module PackagesDialog (160)
[2021.06.15-20.07.15:095][847]LogModuleManager: Shutting down and abandoning module AnimGraph (159)
[2021.06.15-20.07.15:095][847]LogModuleManager: Shutting down and abandoning module Persona (158)
[2021.06.15-20.07.15:095][847]LogModuleManager: Shutting down and abandoning module Kismet (157)
[2021.06.15-20.07.15:099][847]LogModuleManager: Shutting down and abandoning module GraphEditor (156)
[2021.06.15-20.07.15:099][847]LogModuleManager: Shutting down and abandoning module ClassViewer (155)
[2021.06.15-20.07.15:099][847]LogModuleManager: Shutting down and abandoning module Toolbox (154)
[2021.06.15-20.07.15:099][847]LogModuleManager: Shutting down and abandoning module ModuleUI (153)
[2021.06.15-20.07.15:099][847]LogModuleManager: Shutting down and abandoning module MovieSceneTools (152)
[2021.06.15-20.07.15:099][847]LogModuleManager: Shutting down and abandoning module OutputLog (151)
[2021.06.15-20.07.15:099][847]LogModuleManager: Shutting down and abandoning module GammaUI (150)
[2021.06.15-20.07.15:099][847]LogModuleManager: Shutting down and abandoning module Documentation (149)
[2021.06.15-20.07.15:099][847]LogModuleManager: Shutting down and abandoning module Niagara (148)
[2021.06.15-20.07.15:099][847]LogModuleManager: Shutting down and abandoning module StreamingPauseRendering (147)
[2021.06.15-20.07.15:099][847]LogModuleManager: Shutting down and abandoning module AnalyticsET (146)
[2021.06.15-20.07.15:099][847]LogModuleManager: Shutting down and abandoning module PortalServices (145)
[2021.06.15-20.07.15:099][847]LogModuleManager: Shutting down and abandoning module PortalRpc (144)
[2021.06.15-20.07.15:099][847]LogModuleManager: Shutting down and abandoning module MessagingRpc (143)
[2021.06.15-20.07.15:099][847]LogModuleManager: Shutting down and abandoning module GameplayDebugger (142)
[2021.06.15-20.07.15:099][847]LogModuleManager: Shutting down and abandoning module AITestSuite (141)
[2021.06.15-20.07.15:099][847]LogModuleManager: Shutting down and abandoning module AIModule (140)
[2021.06.15-20.07.15:099][847]LogModuleManager: Shutting down and abandoning module ProfilerService (139)
[2021.06.15-20.07.15:258][847]LogModuleManager: Shutting down and abandoning module TaskGraph (138)
[2021.06.15-20.07.15:258][847]LogModuleManager: Shutting down and abandoning module SlateRemote (137)
[2021.06.15-20.07.15:259][847]LogModuleManager: Shutting down and abandoning module SteamVRController (136)
[2021.06.15-20.07.15:259][847]LogModuleManager: Shutting down and abandoning module SteamVR (135)
[2021.06.15-20.07.15:259][847]LogModuleManager: Shutting down and abandoning module ProceduralMeshComponentEditor (134)
[2021.06.15-20.07.15:259][847]LogModuleManager: Shutting down and abandoning module ProceduralMeshComponent (133)
[2021.06.15-20.07.15:259][847]LogModuleManager: Shutting down and abandoning module OculusLibrary (132)
[2021.06.15-20.07.15:259][847]LogModuleManager: Shutting down and abandoning module OculusInput (131)
[2021.06.15-20.07.15:259][847]LogModuleManager: Shutting down and abandoning module CustomMeshComponent (130)
[2021.06.15-20.07.15:259][847]LogModuleManager: Shutting down and abandoning module CableComponent (129)
[2021.06.15-20.07.15:259][847]LogModuleManager: Shutting down and abandoning module ArchVisCharacter (128)
[2021.06.15-20.07.15:259][847]LogModuleManager: Shutting down and abandoning module MediaPlayerEditor (126)
[2021.06.15-20.07.15:259][847]LogModuleManager: Shutting down and abandoning module HTML5Networking (125)
[2021.06.15-20.07.15:259][847]LogModuleManager: Shutting down and abandoning module GeometryCacheEd (124)
[2021.06.15-20.07.15:259][847]LogModuleManager: Shutting down and abandoning module GeometryCache (123)
[2021.06.15-20.07.15:259][847]LogModuleManager: Shutting down and abandoning module AlembicLibrary (122)
[2021.06.15-20.07.15:259][847]LogModuleManager: Shutting down and abandoning module AlembicImporter (121)
[2021.06.15-20.07.15:259][847]LogModuleManager: Shutting down and abandoning module SuperSearch (120)
[2021.06.15-20.07.15:259][847]LogModuleManager: Shutting down and abandoning module SuperSearchEditor (119)
[2021.06.15-20.07.15:259][847]LogModuleManager: Shutting down and abandoning module SpeedTreeImporter (118)
[2021.06.15-20.07.15:259][847]LogModuleManager: Shutting down and abandoning module PluginBrowser (117)
[2021.06.15-20.07.15:259][847]LogModuleManager: Shutting down and abandoning module MobileLauncherProfileWizard (116)
[2021.06.15-20.07.15:259][847]LogModuleManager: Shutting down and abandoning module EpicSurvey (115)
[2021.06.15-20.07.15:259][847]LogModuleManager: Shutting down and abandoning module DesktopPlatform (114)
[2021.06.15-20.07.15:259][847]LogModuleManager: Shutting down and abandoning module VisualStudioSourceCodeAccess (113)
[2021.06.15-20.07.15:259][847]LogModuleManager: Shutting down and abandoning module UObjectPlugin (112)
[2021.06.15-20.07.15:259][847]LogModuleManager: Shutting down and abandoning module SubversionSourceControl (111)
[2021.06.15-20.07.15:259][847]LogModuleManager: Shutting down and abandoning module PerforceSourceControl (110)
[2021.06.15-20.07.15:259][847]LogModuleManager: Shutting down and abandoning module SourceControl (109)
[2021.06.15-20.07.15:259][847]LogModuleManager: Shutting down and abandoning module GitSourceControl (108)
[2021.06.15-20.07.15:259][847]LogModuleManager: Shutting down and abandoning module LightPropagationVolumeEditor (107)
[2021.06.15-20.07.15:259][847]LogModuleManager: Shutting down and abandoning module PaperTiledImporter (106)
[2021.06.15-20.07.15:259][847]LogModuleManager: Shutting down and abandoning module PaperSpriteSheetImporter (105)
[2021.06.15-20.07.15:259][847]LogModuleManager: Shutting down and abandoning module MeshPaint (104)
[2021.06.15-20.07.15:259][847]LogModuleManager: Shutting down and abandoning module FbxAutomationBuilderModule (103)
[2021.06.15-20.07.15:259][847]LogModuleManager: Shutting down and abandoning module PixelInspectorModule (102)
[2021.06.15-20.07.15:259][847]LogModuleManager: Shutting down and abandoning module HotReload (101)
[2021.06.15-20.07.15:260][847]LogModuleManager: Shutting down and abandoning module MainFrame (100)
[2021.06.15-20.07.15:260][847]LogModuleManager: Shutting down and abandoning module LevelEditor (99)
[2021.06.15-20.07.15:260][847]LogModuleManager: Shutting down and abandoning module ContentBrowser (98)
[2021.06.15-20.07.15:261][847]LogModuleManager: Shutting down and abandoning module Paper2DEditor (97)
[2021.06.15-20.07.15:261][847]LogModuleManager: Shutting down and abandoning module UdpMessaging (96)
[2021.06.15-20.07.15:362][847]LogModuleManager: Shutting down and abandoning module TcpMessaging (95)
[2021.06.15-20.07.15:463][847]LogModuleManager: Shutting down and abandoning module LightPropagationVolumeRuntime (94)
[2021.06.15-20.07.15:463][847]LogModuleManager: Shutting down and abandoning module Paper2D (93)
[2021.06.15-20.07.15:463][847]LogModuleManager: Shutting down and abandoning module WindowsMoviePlayer (92)
[2021.06.15-20.07.15:463][847]LogModuleManager: Shutting down and abandoning module WmfMedia (91)
[2021.06.15-20.07.15:464][847]LogModuleManager: Shutting down and abandoning module MediaAssets (90)
[2021.06.15-20.07.15:464][847]LogModuleManager: Shutting down and abandoning module GameLiveStreaming (89)
[2021.06.15-20.07.15:464][847]LogModuleManager: Shutting down and abandoning module GameplayTagsEditor (88)
[2021.06.15-20.07.15:464][847]LogModuleManager: Shutting down and abandoning module VREditor (87)
[2021.06.15-20.07.15:464][847]LogModuleManager: Shutting down and abandoning module GameplayTasksEditor (86)
[2021.06.15-20.07.15:464][847]LogModuleManager: Shutting down and abandoning module PropertyEditor (85)
[2021.06.15-20.07.15:464][847]LogModuleManager: Shutting down and abandoning module BehaviorTreeEditor (84)
[2021.06.15-20.07.15:464][847]LogModuleManager: Shutting down and abandoning module FunctionalTesting (83)
[2021.06.15-20.07.15:464][847]LogModuleManager: Shutting down and abandoning module CollisionAnalyzer (82)
[2021.06.15-20.07.15:464][847]LogModuleManager: Shutting down and abandoning module Sequencer (81)
[2021.06.15-20.07.15:465][847]LogModuleManager: Shutting down and abandoning module WorkspaceMenuStructure (80)
[2021.06.15-20.07.15:465][847]LogModuleManager: Shutting down and abandoning module MessageLog (79)
[2021.06.15-20.07.15:465][847]LogModuleManager: Shutting down and abandoning module AssetTools (78)
[2021.06.15-20.07.15:465][847]LogModuleManager: Shutting down and abandoning module UMGEditor (77)
[2021.06.15-20.07.15:465][847]LogModuleManager: Shutting down and abandoning module UMG (76)
[2021.06.15-20.07.15:465][847]LogModuleManager: Shutting down and abandoning module SlateReflector (75)
[2021.06.15-20.07.15:465][847]LogModuleManager: Shutting down and abandoning module Slate (74)
[2021.06.15-20.07.15:465][847]LogModuleManager: Shutting down and abandoning module EditorStyle (73)
[2021.06.15-20.07.15:467][847]LogModuleManager: Shutting down and abandoning module SourceCodeAccess (72)
[2021.06.15-20.07.15:467][847]LogModuleManager: Shutting down and abandoning module HeadMountedDisplay (71)
[2021.06.15-20.07.15:467][847]LogModuleManager: Shutting down and abandoning module XAudio2 (70)
[2021.06.15-20.07.15:467][847]LogModuleManager: Shutting down and abandoning module Networking (68)
[2021.06.15-20.07.15:467][847]LogModuleManager: Shutting down and abandoning module Core (67)
[2021.06.15-20.07.15:467][847]LogModuleManager: Shutting down and abandoning module DirectoryWatcher (66)
[2021.06.15-20.07.15:467][847]LogDirectoryWatcher: A directory notification for '../../../Engine/Content/' was aborted.
[2021.06.15-20.07.15:467][847]LogDirectoryWatcher: A directory notification for '../../../../../../Users/Cris/Documents/Unreal Projects/MainMenu/Content/' was aborted.
[2021.06.15-20.07.15:468][847]LogDirectoryWatcher: A directory notification for '../../../Engine/Plugins/2D/Paper2D/Content/' was aborted.
[2021.06.15-20.07.15:468][847]LogModuleManager: Shutting down and abandoning module AssetRegistry (65)
[2021.06.15-20.07.15:583][847]LogModuleManager: Shutting down and abandoning module KismetCompiler (64)
[2021.06.15-20.07.15:583][847]LogModuleManager: Shutting down and abandoning module PhysXFormats (63)
[2021.06.15-20.07.15:583][847]LogModuleManager: Shutting down and abandoning module MeshUtilities (62)
[2021.06.15-20.07.15:583][847]LogModuleManager: Shutting down and abandoning module DerivedDataCache (61)
[2021.06.15-20.07.15:719][847]LogDerivedDataCache: Shutdown
[2021.06.15-20.07.15:719][847]LogModuleManager: Shutting down and abandoning module VulkanShaderFormat (60)
[2021.06.15-20.07.15:719][847]LogModuleManager: Shutting down and abandoning module ShaderFormatOpenGL (59)
[2021.06.15-20.07.15:719][847]LogModuleManager: Shutting down and abandoning module ShaderFormatD3D (58)
[2021.06.15-20.07.15:719][847]LogModuleManager: Shutting down and abandoning module MetalShaderFormat (57)
[2021.06.15-20.07.15:719][847]LogModuleManager: Shutting down and abandoning module TextureFormatUncompressed (56)
[2021.06.15-20.07.15:719][847]LogModuleManager: Shutting down and abandoning module TextureFormatPVR (55)
[2021.06.15-20.07.15:719][847]LogModuleManager: Shutting down and abandoning module TextureFormatDXT (54)
[2021.06.15-20.07.15:719][847]LogModuleManager: Shutting down and abandoning module TextureFormatIntelISPCTexComp (53)
[2021.06.15-20.07.15:719][847]LogModuleManager: Shutting down and abandoning module ImageWrapper (52)
[2021.06.15-20.07.15:719][847]LogModuleManager: Shutting down and abandoning module TextureFormatASTC (51)
[2021.06.15-20.07.15:719][847]LogModuleManager: Shutting down and abandoning module TextureFormatAndroid (50)
[2021.06.15-20.07.15:719][847]LogModuleManager: Shutting down and abandoning module AudioFormatOpus (49)
[2021.06.15-20.07.15:719][847]LogModuleManager: Shutting down and abandoning module AudioFormatOgg (48)
[2021.06.15-20.07.15:719][847]LogModuleManager: Shutting down and abandoning module AudioFormatADPCM (47)
[2021.06.15-20.07.15:719][847]LogModuleManager: Shutting down and abandoning module LinuxTargetPlatform (46)
[2021.06.15-20.07.15:719][847]LogModuleManager: Shutting down and abandoning module LinuxServerTargetPlatform (45)
[2021.06.15-20.07.15:719][847]LogModuleManager: Shutting down and abandoning module LinuxNoEditorTargetPlatform (44)
[2021.06.15-20.07.15:719][847]LogModuleManager: Shutting down and abandoning module LinuxClientTargetPlatform (43)
[2021.06.15-20.07.15:719][847]LogModuleManager: Shutting down and abandoning module TVOSTargetPlatform (42)
[2021.06.15-20.07.15:719][847]LogModuleManager: Shutting down and abandoning module Messaging (41)
[2021.06.15-20.07.15:719][847]LogModuleManager: Shutting down and abandoning module IOSTargetPlatform (40)
[2021.06.15-20.07.15:719][847]LogModuleManager: Shutting down and abandoning module HTML5TargetPlatform (39)
[2021.06.15-20.07.15:719][847]LogModuleManager: Shutting down and abandoning module Android_PVRTCTargetPlatform (38)
[2021.06.15-20.07.15:720][847]LogModuleManager: Shutting down and abandoning module Android_MultiTargetPlatform (37)
[2021.06.15-20.07.15:720][847]LogModuleManager: Shutting down and abandoning module Android_ETC2TargetPlatform (36)
[2021.06.15-20.07.15:720][847]LogModuleManager: Shutting down and abandoning module Android_ETC1TargetPlatform (35)
[2021.06.15-20.07.15:720][847]LogModuleManager: Shutting down and abandoning module Android_DXTTargetPlatform (34)
[2021.06.15-20.07.15:720][847]LogModuleManager: Shutting down and abandoning module Android_ATCTargetPlatform (33)
[2021.06.15-20.07.15:720][847]LogModuleManager: Shutting down and abandoning module Android_ASTCTargetPlatform (32)
[2021.06.15-20.07.15:720][847]LogModuleManager: Shutting down and abandoning module AndroidTargetPlatform (31)
[2021.06.15-20.07.15:720][847]LogModuleManager: Shutting down and abandoning module WindowsTargetPlatform (30)
[2021.06.15-20.07.15:720][847]LogModuleManager: Shutting down and abandoning module WindowsServerTargetPlatform (29)
[2021.06.15-20.07.15:720][847]LogModuleManager: Shutting down and abandoning module WindowsNoEditorTargetPlatform (28)
[2021.06.15-20.07.15:720][847]LogModuleManager: Shutting down and abandoning module WindowsClientTargetPlatform (27)
[2021.06.15-20.07.15:720][847]LogModuleManager: Shutting down and abandoning module AllDesktopTargetPlatform (26)
[2021.06.15-20.07.15:720][847]LogModuleManager: Shutting down and abandoning module TargetPlatform (25)
[2021.06.15-20.07.15:720][847]LogModuleManager: Shutting down and abandoning module InputCore (24)
[2021.06.15-20.07.15:720][847]LogModuleManager: Shutting down and abandoning module Settings (23)
[2021.06.15-20.07.15:720][847]LogModuleManager: Shutting down and abandoning module OculusRift (22)
[2021.06.15-20.07.15:720][847]LogModuleManager: Shutting down and abandoning module GearVR (21)
[2021.06.15-20.07.15:720][847]LogModuleManager: Shutting down and abandoning module ExampleDeviceProfileSelector (20)
[2021.06.15-20.07.15:720][847]LogModuleManager: Shutting down and abandoning module OnlineBlueprintSupport (19)
[2021.06.15-20.07.15:720][847]LogModuleManager: Shutting down and abandoning module OnlineSubsystem (17)
[2021.06.15-20.07.15:720][847]LogOnline:Display: Unloading online subsystem: NULL
[2021.06.15-20.07.15:720][847]LogModuleManager: Shutting down and abandoning module HTTP (16)
[2021.06.15-20.07.15:720][847]LogHttp:Display: Http module shutting down, but needs to wait on 1 outstanding Http requests:
[2021.06.15-20.07.15:720][847]LogHttp:Display: 	verb=[POST] url=[https://datarouter.ol.epicgames.com/datarouter/api/v1/public/data?SessionID=%7B6CE5E6E7-4695-06FA-9EAC-DBB3B44DD1F2%7D&AppID=UEEditor.Rocket.Release&AppVersion=4.13.2-3172292%2B%2B%2BUE4%2BRelease-4.13&UserID=da5c6cb94ff646a01f2466bd49fb41a6%7Cb8669eb8c1614a45b9601f8155674ec9%7C47b83b40-f071-4b76-8eee-18a2eb1da47b&AppEnvironment=datacollector-binary&UploadType=eteventstream] status=Processing
[2021.06.15-20.07.15:751][847]LogModuleManager: Shutting down and abandoning module XMPP (15)
[2021.06.15-20.07.15:751][847]LogModuleManager: Shutting down and abandoning module TextureCompressor (14)
[2021.06.15-20.07.15:751][847]LogModuleManager: Shutting down and abandoning module ShaderCore (13)
[2021.06.15-20.07.15:751][847]LogModuleManager: Shutting down and abandoning module Landscape (12)
[2021.06.15-20.07.15:751][847]LogModuleManager: Shutting down and abandoning module SlateRHIRenderer (11)
[2021.06.15-20.07.15:753][847]LogModuleManager: Shutting down and abandoning module OpenGLDrv (10)
[2021.06.15-20.07.15:753][847]LogModuleManager: Shutting down and abandoning module D3D11RHI (9)
[2021.06.15-20.07.15:753][847]LogModuleManager: Shutting down and abandoning module AnimGraphRuntime (8)
[2021.06.15-20.07.15:753][847]LogModuleManager: Shutting down and abandoning module Renderer (7)
[2021.06.15-20.07.15:753][847]LogModuleManager: Shutting down and abandoning module Engine (6)
[2021.06.15-20.07.15:753][847]LogModuleManager: Shutting down and abandoning module CoreUObject (5)
[2021.06.15-20.07.15:753][847]LogModuleManager: Shutting down and abandoning module NetworkFile (4)
[2021.06.15-20.07.15:753][847]LogModuleManager: Shutting down and abandoning module StreamingFile (3)
[2021.06.15-20.07.15:753][847]LogModuleManager: Shutting down and abandoning module SandboxFile (2)
[2021.06.15-20.07.15:753][847]LogModuleManager: Shutting down and abandoning module PakFile (1)
[2021.06.15-20.07.15:754][847]LogExit: Exiting.
[2021.06.15-20.07.15:755][847]Log file closed, 06/15/21 16:07:15
