Log file open, 06/16/21 23:48:03
LogInit:Display: Running engine for game: MainMenu
LogPlatformFile: Not using cached read wrapper
LogInit:Display: RandInit(314410528) SRandInit(314410528).
LogTaskGraph: Started task graph with 5 named threads and 10 total threads with 1 sets of task threads.
LogStats: Stats thread started at 0.145426
LogPluginManager: Loaded Plugin Paper2D, From C:/Program Files/Epic Games/UE_4.13/Engine/Plugins/2D/Paper2D/Paper2D.uplugin
LogPluginManager: Loaded Plugin LightPropagationVolume, From C:/Program Files/Epic Games/UE_4.13/Engine/Plugins/Blendables/LightPropagationVolume/LightPropagationVolume.uplugin
LogPluginManager: Loaded Plugin BlankPlugin, From C:/Program Files/Epic Games/UE_4.13/Engine/Plugins/Developer/BlankPlugin/BlankPlugin.uplugin
LogPluginManager: Loaded Plugin CodeLiteSourceCodeAccess, From C:/Program Files/Epic Games/UE_4.13/Engine/Plugins/Developer/CodeLiteSourceCodeAccess/CodeLiteSourceCodeAccess.uplugin
LogPluginManager: Loaded Plugin GitSourceControl, From C:/Program Files/Epic Games/UE_4.13/Engine/Plugins/Developer/GitSourceControl/GitSourceControl.uplugin
LogPluginManager: Loaded Plugin KDevelopSourceCodeAccess, From C:/Program Files/Epic Games/UE_4.13/Engine/Plugins/Developer/KDevelopSourceCodeAccess/KDevelopSourceCodeAccess.uplugin
LogPluginManager: Loaded Plugin NullSourceCodeAccess, From C:/Program Files/Epic Games/UE_4.13/Engine/Plugins/Developer/NullSourceCodeAccess/NullSourceCodeAccess.uplugin
LogPluginManager: Loaded Plugin OneSkyLocalizationService, From C:/Program Files/Epic Games/UE_4.13/Engine/Plugins/Developer/OneSkyLocalizationService/OneSkyLocalizationService.uplugin
LogPluginManager: Loaded Plugin PerforceSourceControl, From C:/Program Files/Epic Games/UE_4.13/Engine/Plugins/Developer/PerforceSourceControl/PerforceSourceControl.uplugin
LogPluginManager: Loaded Plugin SubversionSourceControl, From C:/Program Files/Epic Games/UE_4.13/Engine/Plugins/Developer/SubversionSourceControl/SubversionSourceControl.uplugin
LogPluginManager: Loaded Plugin UObjectPlugin, From C:/Program Files/Epic Games/UE_4.13/Engine/Plugins/Developer/UObjectPlugin/UObjectPlugin.uplugin
LogPluginManager: Loaded Plugin VisualStudioSourceCodeAccess, From C:/Program Files/Epic Games/UE_4.13/Engine/Plugins/Developer/VisualStudioSourceCodeAccess/VisualStudioSourceCodeAccess.uplugin
LogPluginManager: Loaded Plugin XCodeSourceCodeAccess, From C:/Program Files/Epic Games/UE_4.13/Engine/Plugins/Developer/XCodeSourceCodeAccess/XCodeSourceCodeAccess.uplugin
LogPluginManager: Loaded Plugin EpicSurvey, From C:/Program Files/Epic Games/UE_4.13/Engine/Plugins/Editor/EpicSurvey/EpicSurvey.uplugin
LogPluginManager: Loaded Plugin MacGraphicsSwitching, From C:/Program Files/Epic Games/UE_4.13/Engine/Plugins/Editor/MacGraphicsSwitching/MacGraphicsSwitching.uplugin
LogPluginManager: Loaded Plugin MobileLauncherProfileWizard, From C:/Program Files/Epic Games/UE_4.13/Engine/Plugins/Editor/MobileLauncherProfileWizard/MobileLauncherProfileWizard.uplugin
LogPluginManager: Loaded Plugin PluginBrowser, From C:/Program Files/Epic Games/UE_4.13/Engine/Plugins/Editor/PluginBrowser/PluginBrowser.uplugin
LogPluginManager: Loaded Plugin SpeedTreeImporter, From C:/Program Files/Epic Games/UE_4.13/Engine/Plugins/Editor/SpeedTreeImporter/SpeedTreeImporter.uplugin
LogPluginManager: Loaded Plugin SuperSearchEditor, From C:/Program Files/Epic Games/UE_4.13/Engine/Plugins/Editor/SuperSearchEditor/SuperSearchEditor.uplugin
LogPluginManager: Loaded Plugin AlembicImporter, From C:/Program Files/Epic Games/UE_4.13/Engine/Plugins/Experimental/AlembicImporter/AlembicImporter.uplugin
LogPluginManager: Loaded Plugin BlueprintStats, From C:/Program Files/Epic Games/UE_4.13/Engine/Plugins/Experimental/BlueprintStats/BlueprintStats.uplugin
LogPluginManager: Loaded Plugin CharacterAI, From C:/Program Files/Epic Games/UE_4.13/Engine/Plugins/Experimental/CharacterAI/CharacterAI.uplugin
LogPluginManager: Loaded Plugin CodeEditor, From C:/Program Files/Epic Games/UE_4.13/Engine/Plugins/Experimental/CodeEditor/CodeEditor.uplugin
LogPluginManager: Loaded Plugin CodeView, From C:/Program Files/Epic Games/UE_4.13/Engine/Plugins/Experimental/CodeView/CodeView.uplugin
LogPluginManager: Loaded Plugin HTML5Networking, From C:/Program Files/Epic Games/UE_4.13/Engine/Plugins/Experimental/HTML5Networking/HTML5Networking.uplugin
LogPluginManager: Loaded Plugin LiveEditor, From C:/Program Files/Epic Games/UE_4.13/Engine/Plugins/Experimental/LiveEditor/LiveEditor.uplugin
LogPluginManager: Loaded Plugin OSVR, From C:/Program Files/Epic Games/UE_4.13/Engine/Plugins/Experimental/OSVR/OSVR.uplugin
LogPluginManager: Loaded Plugin Phya, From C:/Program Files/Epic Games/UE_4.13/Engine/Plugins/Experimental/Phya/Phya.uplugin
LogPluginManager: Loaded Plugin SignificanceManager, From C:/Program Files/Epic Games/UE_4.13/Engine/Plugins/Experimental/SignificanceManager/SignificanceManager.uplugin
LogPluginManager: Loaded Plugin SimpleHMD, From C:/Program Files/Epic Games/UE_4.13/Engine/Plugins/Experimental/SimpleHMD/SimpleHMD.uplugin
LogPluginManager: Loaded Plugin StereoPanorama, From C:/Program Files/Epic Games/UE_4.13/Engine/Plugins/Experimental/StereoPanorama/StereoPanorama.uplugin
LogPluginManager: Loaded Plugin StructBox, From C:/Program Files/Epic Games/UE_4.13/Engine/Plugins/Experimental/StructBox/StructBox.uplugin
LogPluginManager: Loaded Plugin AndroidMedia, From C:/Program Files/Epic Games/UE_4.13/Engine/Plugins/Media/AndroidMedia/AndroidMedia.uplugin
LogPluginManager: Loaded Plugin AvfMedia, From C:/Program Files/Epic Games/UE_4.13/Engine/Plugins/Media/AvfMedia/AvfMedia.uplugin
LogPluginManager: Loaded Plugin MediaPlayerEditor, From C:/Program Files/Epic Games/UE_4.13/Engine/Plugins/Media/MediaPlayerEditor/MediaPlayerEditor.uplugin
LogPluginManager: Loaded Plugin WmfMedia, From C:/Program Files/Epic Games/UE_4.13/Engine/Plugins/Media/WmfMedia/WmfMedia.uplugin
LogPluginManager: Loaded Plugin MessagingDebugger, From C:/Program Files/Epic Games/UE_4.13/Engine/Plugins/Messaging/MessagingDebugger/MessagingDebugger.uplugin
LogPluginManager: Loaded Plugin TcpMessaging, From C:/Program Files/Epic Games/UE_4.13/Engine/Plugins/Messaging/TcpMessaging/TcpMessaging.uplugin
LogPluginManager: Loaded Plugin UdpMessaging, From C:/Program Files/Epic Games/UE_4.13/Engine/Plugins/Messaging/UdpMessaging/UdpMessaging.uplugin
LogPluginManager: Loaded Plugin LevelSequenceEditor, From C:/Program Files/Epic Games/UE_4.13/Engine/Plugins/MovieScene/LevelSequenceEditor/LevelSequenceEditor.uplugin
LogPluginManager: Loaded Plugin MatineeToLevelSequence, From C:/Program Files/Epic Games/UE_4.13/Engine/Plugins/MovieScene/MatineeToLevelSequence/MatineeToLevelSequence.uplugin
LogPluginManager: Loaded Plugin NetcodeUnitTest, From C:/Program Files/Epic Games/UE_4.13/Engine/Plugins/NetcodeUnitTest/NetcodeUnitTest/NetcodeUnitTest.uplugin
LogPluginManager: Loaded Plugin NUTUnrealEngine4, From C:/Program Files/Epic Games/UE_4.13/Engine/Plugins/NetcodeUnitTest/NUTUnrealEngine4/NUTUnrealEngine4.uplugin
LogPluginManager: Loaded Plugin OnlineSubsystemGooglePlay, From C:/Program Files/Epic Games/UE_4.13/Engine/Plugins/Online/Android/OnlineSubsystemGooglePlay/OnlineSubsystemGooglePlay.uplugin
LogPluginManager: Loaded Plugin OnlineSubsystemIOS, From C:/Program Files/Epic Games/UE_4.13/Engine/Plugins/Online/IOS/OnlineSubsystemIOS/OnlineSubsystemIOS.uplugin
LogPluginManager: Loaded Plugin OnlineFramework, From C:/Program Files/Epic Games/UE_4.13/Engine/Plugins/Online/OnlineFramework/OnlineFramework.uplugin
LogPluginManager: Loaded Plugin OnlineSubsystem, From C:/Program Files/Epic Games/UE_4.13/Engine/Plugins/Online/OnlineSubsystem/OnlineSubsystem.uplugin
LogPluginManager: Loaded Plugin OnlineSubsystemAmazon, From C:/Program Files/Epic Games/UE_4.13/Engine/Plugins/Online/OnlineSubsystemAmazon/OnlineSubsystemAmazon.uplugin
LogPluginManager: Loaded Plugin OnlineSubsystemFacebook, From C:/Program Files/Epic Games/UE_4.13/Engine/Plugins/Online/OnlineSubsystemFacebook/OnlineSubsystemFacebook.uplugin
LogPluginManager: Loaded Plugin OnlineSubsystemNull, From C:/Program Files/Epic Games/UE_4.13/Engine/Plugins/Online/OnlineSubsystemNull/OnlineSubsystemNull.uplugin
LogPluginManager: Loaded Plugin OnlineSubsystemOculus, From C:/Program Files/Epic Games/UE_4.13/Engine/Plugins/Online/OnlineSubsystemOculus/OnlineSubsystemOculus.uplugin
LogPluginManager: Loaded Plugin OnlineSubsystemSteam, From C:/Program Files/Epic Games/UE_4.13/Engine/Plugins/Online/OnlineSubsystemSteam/OnlineSubsystemSteam.uplugin
LogPluginManager: Loaded Plugin OnlineSubsystemUtils, From C:/Program Files/Epic Games/UE_4.13/Engine/Plugins/Online/OnlineSubsystemUtils/OnlineSubsystemUtils.uplugin
LogPluginManager: Loaded Plugin IOSTapJoy, From C:/Program Files/Epic Games/UE_4.13/Engine/Plugins/Runtime/Advertising/IOSTapJoy/IOSTapJoy.uplugin
LogPluginManager: Loaded Plugin AnalyticsBlueprintLibrary, From C:/Program Files/Epic Games/UE_4.13/Engine/Plugins/Runtime/Analytics/AnalyticsBlueprintLibrary/AnalyticsBlueprintLibrary.uplugin
LogPluginManager: Loaded Plugin AnalyticsMulticast, From C:/Program Files/Epic Games/UE_4.13/Engine/Plugins/Runtime/Analytics/AnalyticsMulticast/AnalyticsMulticast.uplugin
LogPluginManager: Loaded Plugin Apsalar, From C:/Program Files/Epic Games/UE_4.13/Engine/Plugins/Runtime/Analytics/Apsalar/Apsalar.uplugin
LogPluginManager: Loaded Plugin FileLogging, From C:/Program Files/Epic Games/UE_4.13/Engine/Plugins/Runtime/Analytics/FileLogging/FileLogging.uplugin
LogPluginManager: Loaded Plugin Flurry, From C:/Program Files/Epic Games/UE_4.13/Engine/Plugins/Runtime/Analytics/Flurry/Flurry.uplugin
LogPluginManager: Loaded Plugin AndroidDeviceProfileSelector, From C:/Program Files/Epic Games/UE_4.13/Engine/Plugins/Runtime/AndroidDeviceProfileSelector/AndroidDeviceProfileSelector.uplugin
LogPluginManager: Loaded Plugin AndroidMoviePlayer, From C:/Program Files/Epic Games/UE_4.13/Engine/Plugins/Runtime/AndroidMoviePlayer/AndroidMoviePlayer.uplugin
LogPluginManager: Loaded Plugin AppleMoviePlayer, From C:/Program Files/Epic Games/UE_4.13/Engine/Plugins/Runtime/AppleMoviePlayer/AppleMoviePlayer.uplugin
LogPluginManager: Loaded Plugin ArchVisCharacter, From C:/Program Files/Epic Games/UE_4.13/Engine/Plugins/Runtime/ArchVisCharacter/ArchVisCharacter.uplugin
LogPluginManager: Loaded Plugin CableComponent, From C:/Program Files/Epic Games/UE_4.13/Engine/Plugins/Runtime/CableComponent/CableComponent.uplugin
LogPluginManager: Loaded Plugin CustomMeshComponent, From C:/Program Files/Epic Games/UE_4.13/Engine/Plugins/Runtime/CustomMeshComponent/CustomMeshComponent.uplugin
LogPluginManager: Loaded Plugin ExampleDeviceProfileSelector, From C:/Program Files/Epic Games/UE_4.13/Engine/Plugins/Runtime/ExampleDeviceProfileSelector/ExampleDeviceProfileSelector.uplugin
LogPluginManager: Loaded Plugin GearVR, From C:/Program Files/Epic Games/UE_4.13/Engine/Plugins/Runtime/GearVR/GearVR.uplugin
LogPluginManager: Loaded Plugin GoogleVRController, From C:/Program Files/Epic Games/UE_4.13/Engine/Plugins/Runtime/GoogleVR/GoogleVRController/GoogleVRController.uplugin
LogPluginManager: Loaded Plugin GoogleVRHMD, From C:/Program Files/Epic Games/UE_4.13/Engine/Plugins/Runtime/GoogleVR/GoogleVRHMD/GoogleVRHMD.uplugin
LogPluginManager: Loaded Plugin IOSDeviceProfileSelector, From C:/Program Files/Epic Games/UE_4.13/Engine/Plugins/Runtime/IOSDeviceProfileSelector/IOSDeviceProfileSelector.uplugin
LogPluginManager: Loaded Plugin LeapMotion, From C:/Program Files/Epic Games/UE_4.13/Engine/Plugins/Runtime/LeapMotion/LeapMotion.uplugin
LogPluginManager: Loaded Plugin LinuxDeviceProfileSelector, From C:/Program Files/Epic Games/UE_4.13/Engine/Plugins/Runtime/LinuxDeviceProfileSelector/LinuxDeviceProfileSelector.uplugin
LogPluginManager: Loaded Plugin LiveEditorListenServer, From C:/Program Files/Epic Games/UE_4.13/Engine/Plugins/Runtime/LiveEditorListenServer/LiveEditorListenServer.uplugin
LogPluginManager: Loaded Plugin OculusAudio, From C:/Program Files/Epic Games/UE_4.13/Engine/Plugins/Runtime/OculusAudio/OculusAudio.uplugin
LogPluginManager: Loaded Plugin OculusInput, From C:/Program Files/Epic Games/UE_4.13/Engine/Plugins/Runtime/OculusInput/OculusInput.uplugin
LogPluginManager: Loaded Plugin OculusLibrary, From C:/Program Files/Epic Games/UE_4.13/Engine/Plugins/Runtime/OculusLibrary/OculusLibrary.uplugin
LogPluginManager: Loaded Plugin OculusRift, From C:/Program Files/Epic Games/UE_4.13/Engine/Plugins/Runtime/OculusRift/OculusRift.uplugin
LogPluginManager: Loaded Plugin Oodle, From C:/Program Files/Epic Games/UE_4.13/Engine/Plugins/Runtime/PacketHandlers/CompressionComponents/Oodle/Oodle.uplugin
LogPluginManager: Loaded Plugin ProceduralMeshComponent, From C:/Program Files/Epic Games/UE_4.13/Engine/Plugins/Runtime/ProceduralMeshComponent/ProceduralMeshComponent.uplugin
LogPluginManager: Loaded Plugin SoundMod, From C:/Program Files/Epic Games/UE_4.13/Engine/Plugins/Runtime/SoundMod/SoundMod.uplugin
LogPluginManager: Loaded Plugin SoundVisualizations, From C:/Program Files/Epic Games/UE_4.13/Engine/Plugins/Runtime/SoundVisualizations/SoundVisualizations.uplugin
LogPluginManager: Loaded Plugin SteamController, From C:/Program Files/Epic Games/UE_4.13/Engine/Plugins/Runtime/Steam/SteamController/SteamController.uplugin
LogPluginManager: Loaded Plugin SteamVR, From C:/Program Files/Epic Games/UE_4.13/Engine/Plugins/Runtime/Steam/SteamVR/SteamVR.uplugin
LogPluginManager: Loaded Plugin WebBrowserWidget, From C:/Program Files/Epic Games/UE_4.13/Engine/Plugins/Runtime/WebBrowserWidget/WebBrowserWidget.uplugin
LogPluginManager: Loaded Plugin WindowsDeviceProfileSelector, From C:/Program Files/Epic Games/UE_4.13/Engine/Plugins/Runtime/WindowsDeviceProfileSelector/WindowsDeviceProfileSelector.uplugin
LogPluginManager: Loaded Plugin WindowsMoviePlayer, From C:/Program Files/Epic Games/UE_4.13/Engine/Plugins/Runtime/WindowsMoviePlayer/WindowsMoviePlayer.uplugin
LogPluginManager: Loaded Plugin ScriptPlugin, From C:/Program Files/Epic Games/UE_4.13/Engine/Plugins/ScriptPlugin/ScriptPlugin.uplugin
LogPluginManager: Loaded Plugin SlateRemote, From C:/Program Files/Epic Games/UE_4.13/Engine/Plugins/Slate/SlateRemote/SlateRemote.uplugin
LogInit: Using libcurl 7.47.1
LogInit:  - built for x86_64-pc-win32
LogInit:  - supports SSL with WinSSL
LogInit:  - other features:
LogInit:      CURL_VERSION_SSL
LogInit:      CURL_VERSION_IPV6
LogInit:      CURL_VERSION_ASYNCHDNS
LogInit:      CURL_VERSION_LARGEFILE
LogInit:      CURL_VERSION_IDN
LogInit:  CurlRequestOptions (configurable via config and command line):
LogInit:  - bVerifyPeer = false  - Libcurl will NOT verify peer certificate
LogInit:  - bUseHttpProxy = false  - Libcurl will NOT use HTTP proxy
LogInit:  - bDontReuseConnections = false  - Libcurl will reuse connections
LogInit:  - CertBundlePath = nullptr  - Libcurl will use whatever was configured at build time.
LogInit: Build: ++UE4+Release-4.13-CL-3172292
LogInit: Engine Version: 4.13.2-3172292+++UE4+Release-4.13
LogInit: Compatible Engine Version: 4.13.0-3106830+++UE4+Release-4.13
LogInit: Net CL: 3172292
LogDevObjectVersion: Number of dev versions registered: 13
LogDevObjectVersion:   Dev-Blueprints (B0D832E4-1F89-4F0D-ACCF-7EB736FD4AA2): 5
LogDevObjectVersion:   Dev-Build (E1C64328-A22C-4D53-A36C-8E866417BD8C): 0
LogDevObjectVersion:   Dev-Core (375EC13C-06E4-48FB-B500-84F0262A717E): 1
LogDevObjectVersion:   Dev-Editor (E4B068ED-F494-42E9-A231-DA0B2E46BB41): 6
LogDevObjectVersion:   Dev-Framework (CFFC743F-43B0-4480-9391-14DF171D2073): 12
LogDevObjectVersion:   Dev-Mobile (B02B49B5-BB20-44E9-A304-32B752E40360): 0
LogDevObjectVersion:   Dev-Networking (A4E4105C-59A1-49B5-A7C5-40C4547EDFEE): 0
LogDevObjectVersion:   Dev-Online (39C831C9-5AE6-47DC-9A44-9C173E1C8E7C): 0
LogDevObjectVersion:   Dev-Physics (78F01B33-EBEA-4F98-B9B4-84EACCB95AA2): 0
LogDevObjectVersion:   Dev-Platform (6631380F-2D4D-43E0-8009-CF276956A95A): 0
LogDevObjectVersion:   Dev-Rendering (12F88B9F-8875-4AFC-A67C-D90C383ABD29): 4
LogDevObjectVersion:   Dev-Sequencer (7B5AE74C-D270-4C10-A958-57980B212A5A): 0
LogDevObjectVersion:   Dev-VR (D7296918-1DD6-4BDD-9DE2-64A83CC13884): 0
LogInit: Compiled (64-bit): Oct 24 2016 14:29:06
LogInit: Compiled with Visual C++: 19.00.23026.00
LogInit: Build Configuration: Development
LogInit: Branch Name: ++UE4+Release-4.13
LogInit: Command line: -D3D12
LogInit: Base directory: C:/Program Files/Epic Games/UE_4.13/Engine/Binaries/Win64/
LogInit: Installed Engine Build: 1
LogInit: Presizing for max 8388607 objects, including 0 objects not considered by GC, pre-allocating 0 bytes for permanent pool.
LogInit: Object subsystem initialized
[2021.06.17-03.48.03:856][  0]LogInit: Selected Device Profile: [Windows]
[2021.06.17-03.48.03:856][  0]LogInit: Applying CVar settings loaded from the selected device profile: [Windows]
[2021.06.17-03.48.03:869][  0]LogInit: Computer: YAM
[2021.06.17-03.48.03:869][  0]LogInit: User: Cris
[2021.06.17-03.48.03:869][  0]LogInit: CPU Page size=65536, Cores=6
[2021.06.17-03.48.03:869][  0]LogInit: High frequency timer resolution =10.000000 MHz
[2021.06.17-03.48.03:870][  0]LogMemory: Memory total: Physical=15.9GB (16GB approx)
[2021.06.17-03.48.03:870][  0]LogMemory: Platform Memory Stats for Windows
[2021.06.17-03.48.03:870][  0]LogMemory: Process Physical Memory: 258.05 MB used, 258.05 MB peak
[2021.06.17-03.48.03:870][  0]LogMemory: Process Virtual Memory: 260.07 MB used, 260.07 MB peak
[2021.06.17-03.48.03:870][  0]LogMemory: Physical Memory: 11090.33 MB used, 16332.43 MB total
[2021.06.17-03.48.03:870][  0]LogMemory: Virtual Memory: 4746.43 MB used, 134217728.00 MB total
[2021.06.17-03.48.03:905][  0]LogTextLocalizationManager: No specific translations for ('en-US') exist, so ('en') translations will be used.
[2021.06.17-03.48.04:699][  0]LogD3D12RHI: Found D3D12 adapter 0: AMD Radeon RX 6800 (Feature Level 11_0)
[2021.06.17-03.48.04:699][  0]LogD3D12RHI: Adapter has 16339MB of dedicated video memory, 0MB of dedicated system memory, and 8166MB of shared system memory, 2 output[s]
[2021.06.17-03.48.04:711][  0]LogD3D12RHI: Found D3D12 adapter 1: Microsoft Basic Render Driver (Feature Level 11_0)
[2021.06.17-03.48.04:711][  0]LogD3D12RHI: Adapter has 0MB of dedicated video memory, 0MB of dedicated system memory, and 8166MB of shared system memory, 0 output[s]
[2021.06.17-03.48.04:711][  0]LogD3D12RHI: Chosen D3D12 Adapter Id = 0
[2021.06.17-03.48.04:847][  0]LogD3D12RHI: The system supports ID3D12Device1.
[2021.06.17-03.48.04:905][  0]LogD3D12RHI: Creating Pipeline Library from existing disk cache (4883 KiB containing 0 PSOs).
[2021.06.17-03.48.04:937][  0]LogD3D12RHI: Async texture creation disabled: no driver support
[2021.06.17-03.48.04:937][  0]LogD3D12RHI:     GPU DeviceId: 0x73bf (for the marketing name, search the web for "GPU Device Id")
[2021.06.17-03.48.04:937][  0]LogWindows: EnumDisplayDevices:
[2021.06.17-03.48.04:938][  0]LogWindows:    0. 'AMD Radeon RX 6800' (P:1 D:1)
[2021.06.17-03.48.04:938][  0]LogWindows:    1. 'AMD Radeon RX 6800' (P:0 D:1)
[2021.06.17-03.48.04:938][  0]LogWindows:    2. 'AMD Radeon RX 6800' (P:0 D:0)
[2021.06.17-03.48.04:938][  0]LogWindows:    3. 'AMD Radeon RX 6800' (P:0 D:0)
[2021.06.17-03.48.04:939][  0]LogWindows:    4. 'AMD Radeon RX 6800' (P:0 D:0)
[2021.06.17-03.48.04:939][  0]LogWindows:    5. 'AMD Radeon RX 6800' (P:0 D:0)
[2021.06.17-03.48.04:939][  0]LogWindows:    6. 'AMD Radeon RX 6800' (P:0 D:0)
[2021.06.17-03.48.04:940][  0]LogWindows:    7. 'AMD Radeon RX 6800' (P:0 D:0)
[2021.06.17-03.48.04:940][  0]LogWindows: DebugString: GetVideoDriverDetailsInvalid PrimaryIsNotTheChoosenAdapter GetVideoDriverDetailsInvalid PrimaryIsNotTheChoosenAdapter GetVideoDriverDetailsInvalid PrimaryIsNotTheChoosenAdapter GetVideoDriverDetailsInvalid PrimaryIsNotTheChoosenAdapter GetVideoDriverDetailsInvalid PrimaryIsNotTheChoosenAdapter GetVideoDriverDetailsInvalid PrimaryIsNotTheChoosenAdapter GetVideoDriverDetailsInvalid PrimaryIsNotTheChoosenAdapter GetVideoDriverDetailsInvalid PrimaryIsNotTheChoosenAdapter FoundDriverCount:0 
[2021.06.17-03.48.04:940][  0]LogD3D12RHI:     Adapter Name: AMD Radeon RX 6800
[2021.06.17-03.48.04:940][  0]LogD3D12RHI:   Driver Version: Unknown (internal:Unknown, unified:Unknown)
[2021.06.17-03.48.04:940][  0]LogD3D12RHI:      Driver Date: Unknown
[2021.06.17-03.48.04:940][  0]LogRHI: Texture pool is 1361 MB (70% of 1945 MB)
[2021.06.17-03.48.04:960][  0]LogShaderCompilers: Guid format shader working directory is -18 characters bigger than the processId version (../../../../../../Users/Cris/Documents/Unreal Projects/MainMenu/Intermediate/Shaders/WorkingDirectory/8504/).
[2021.06.17-03.48.04:960][  0]LogShaderCompilers: Cleaned the shader compiler working directory 'C:/Users/Cris/AppData/Local/Temp/UnrealShaderWorkingDir/0E2164C44EC73EEB71074EB5696FD4D0/'.
[2021.06.17-03.48.04:960][  0]LogShaderCompilers:Display: Using Local Shader Compiler.
[2021.06.17-03.48.05:954][  0]LogTemp:Display: Loaded TP AllDesktopTargetPlatform
[2021.06.17-03.48.05:963][  0]LogTemp:Display: Loaded TP WindowsClientTargetPlatform
[2021.06.17-03.48.05:972][  0]LogTemp:Display: Loaded TP WindowsNoEditorTargetPlatform
[2021.06.17-03.48.05:981][  0]LogTemp:Display: Loaded TP WindowsServerTargetPlatform
[2021.06.17-03.48.05:990][  0]LogTemp:Display: Loaded TP WindowsTargetPlatform
[2021.06.17-03.48.05:998][  0]LogTemp:Display: Loaded TP AndroidTargetPlatform
[2021.06.17-03.48.06:006][  0]LogTemp:Display: Loaded TP Android_ASTCTargetPlatform
[2021.06.17-03.48.06:014][  0]LogTemp:Display: Loaded TP Android_ATCTargetPlatform
[2021.06.17-03.48.06:022][  0]LogTemp:Display: Loaded TP Android_DXTTargetPlatform
[2021.06.17-03.48.06:029][  0]LogTemp:Display: Loaded TP Android_ETC1TargetPlatform
[2021.06.17-03.48.06:038][  0]LogTemp:Display: Loaded TP Android_ETC2TargetPlatform
[2021.06.17-03.48.06:054][  0]LogTemp:Display: Loaded TP Android_MultiTargetPlatform
[2021.06.17-03.48.06:054][  0]LogTemp:Display: Loaded TP Android_PVRTCTargetPlatform
[2021.06.17-03.48.06:055][  0]LogTemp:Display: Loaded TP HTML5TargetPlatform
[2021.06.17-03.48.06:079][  0]LogTemp:Display: Loaded TP IOSTargetPlatform
[2021.06.17-03.48.06:086][  0]LogTemp:Display: Loaded TP TVOSTargetPlatform
[2021.06.17-03.48.06:094][  0]LogTemp:Display: Loaded TP LinuxClientTargetPlatform
[2021.06.17-03.48.06:101][  0]LogTemp:Display: Loaded TP LinuxNoEditorTargetPlatform
[2021.06.17-03.48.06:109][  0]LogTemp:Display: Loaded TP LinuxServerTargetPlatform
[2021.06.17-03.48.06:117][  0]LogTemp:Display: Loaded TP LinuxTargetPlatform
[2021.06.17-03.48.06:117][  0]LogTargetPlatformManager:Display: Building Assets For Windows
[2021.06.17-03.48.06:208][  0]LogDerivedDataCache:Display: Max Cache Size: 512 MB
[2021.06.17-03.48.06:277][  0]LogDerivedDataCache: Loaded boot cache 0.07s 62MB C:/Users/Cris/AppData/Local/UnrealEngine/4.13/DerivedDataCache/Boot.ddc.
[2021.06.17-03.48.06:278][  0]LogDerivedDataCache:Display: Loaded Boot cache: C:/Users/Cris/AppData/Local/UnrealEngine/4.13/DerivedDataCache/Boot.ddc
[2021.06.17-03.48.06:278][  0]LogDerivedDataCache: FDerivedDataBackendGraph:  Pak pak cache file ../../../../../../Users/Cris/Documents/Unreal Projects/MainMenu/DerivedDataCache/DDC.ddp not found, will not use a pak cache.
[2021.06.17-03.48.06:278][  0]LogDerivedDataCache: Unable to find inner node Pak for hierarchical cache Hierarchy.
[2021.06.17-03.48.06:278][  0]LogDerivedDataCache: FDerivedDataBackendGraph:  CompressedPak pak cache file ../../../../../../Users/Cris/Documents/Unreal Projects/MainMenu/DerivedDataCache/Compressed.ddp not found, will not use a pak cache.
[2021.06.17-03.48.06:278][  0]LogDerivedDataCache: Unable to find inner node CompressedPak for hierarchical cache Hierarchy.
[2021.06.17-03.48.06:293][  0]LogDerivedDataCache:Display: Pak cache opened for reading ../../../Engine/DerivedDataCache/Compressed.ddp.
[2021.06.17-03.48.06:306][  0]LogDerivedDataCache: Using Local data cache path C:/Users/Cris/AppData/Local/UnrealEngine/Common/DerivedDataCache: Writable
[2021.06.17-03.48.06:522][  0]LogInit: Selected Device Profile: [Windows]
[2021.06.17-03.48.06:522][  0]LogContentStreaming: Texture pool size is 0.00 MB
[2021.06.17-03.48.06:607][  0]LogMeshUtilities: No automatic mesh reduction module available
[2021.06.17-03.48.06:607][  0]LogMeshUtilities: No automatic mesh merging module available
[2021.06.17-03.48.06:607][  0]LogMeshUtilities: No distributed automatic mesh merging module available
[2021.06.17-03.48.06:670][  0]LogMaterial: Uniform references updated for custom material expression Custom.
[2021.06.17-03.48.06:941][  0]LogNetVersion: GetLocalNetworkVersion: CL: 3106830, ProjectName: mainmenu, ProjectVersion: , EngineNetworkVersion: 1, GameNetworkVersion: 0, NetworkChecksum: 1690518737
[2021.06.17-03.48.06:978][  0]LogAssetRegistry: FAssetRegistry took 0.0223 seconds to start up
[2021.06.17-03.48.07:014][  0]LogPackageLocalizationCache: Processed 3 localized package path(s) for 2 prioritized culture(s) in 0.033426 seconds
[2021.06.17-03.48.07:022][  0]LogUObjectArray: 29778 objects as part of root set at end of initial load.
[2021.06.17-03.48.07:022][  0]LogUObjectAllocator: 6125448 out of 0 bytes used by permanent object pool.
[2021.06.17-03.48.07:022][  0]LogUObjectArray: CloseDisregardForGC: 0/0 objects in disregard for GC pool
[2021.06.17-03.48.07:030][  0]LogInit: WinSock: version 1.1 (2.2), MaxSocks=32767, MaxUdp=65467
[2021.06.17-03.48.07:247][  0]LogSlate: SlateFontCache - WITH_FREETYPE: 1, WITH_HARFBUZZ: 1
[2021.06.17-03.48.07:247][  0]LogSlate: SlateFontCache - WITH_FREETYPE: 1, WITH_HARFBUZZ: 1
[2021.06.17-03.48.07:856][  0]LogTcpMessaging: Initializing TcpMessaging bridge
[2021.06.17-03.48.07:878][  0]LogUdpMessaging: Initializing bridge on interface 0.0.0.0:0 to multicast group 230.0.0.1:6666.
[2021.06.17-03.48.08:115][  0]SourceControl: Info Source control is disabled
[2021.06.17-03.48.08:168][  0]SourceControl: Info Source control is disabled
[2021.06.17-03.48.08:179][  0]SourceControl: Info Source control is disabled
[2021.06.17-03.48.08:190][  0]SourceControl: Info Source control is disabled
[2021.06.17-03.48.08:512][  0]LogEngine: Initializing Engine...
[2021.06.17-03.48.08:513][  0]LogHMD: Failed to initialize OpenVR with code 110
[2021.06.17-03.48.08:635][  0]LogAIModule: Creating AISystem for world Untitled
[2021.06.17-03.48.08:651][  0]LogInit: XAudio2 using 'SPDIF Interface (FX-AUDIO-DAC-X6)' : 2 channels at 48 kHz using 24 bits per sample (channel mask 0x3)
[2021.06.17-03.48.08:668][  0]LogInit: FAudioDevice initialized.
[2021.06.17-03.48.08:708][  0]LogDerivedDataCache: Saved boot cache 0.04s 62MB C:/Users/Cris/AppData/Local/UnrealEngine/4.13/DerivedDataCache/Boot.ddc.
[2021.06.17-03.48.08:719][  0]LogInit: Texture streaming: Enabled
[2021.06.17-03.48.08:754][  0]LogInit: Transaction tracking system initialized
[2021.06.17-03.48.08:778][  0]BlueprintLog: New page: Editor Load
[2021.06.17-03.48.08:862][  0]LocalizationService: Info Localization service is disabled
[2021.06.17-03.48.08:946][  0]LogConsoleResponse:Display: 
[2021.06.17-03.48.09:072][  0]LogCook:Display: Max memory allowance for cook 16384mb min free memory 0mb
[2021.06.17-03.48.09:072][  0]LogCook:Display: Mobile HDR setting 1
[2021.06.17-03.48.09:157][  0]LogFileCache: Scanning file cache for directory 'C:/Users/Cris/Documents/Unreal Projects/MainMenu/Content/' took 0.02s
[2021.06.17-03.48.09:285][  0]SourceControl: Info Source control is disabled
[2021.06.17-03.48.09:285][  0]Cmd: MAP LOAD FILE="../../../../../../Users/Cris/Documents/Unreal Projects/MainMenu/Content/ThirdPersonBP/Maps/ThirdPersonExampleMap.umap" TEMPLATE=0 SHOWPROGRESS=1 FEATURELEVEL=3
[2021.06.17-03.48.09:294][  0]LightingResults: New page: Lighting Build
[2021.06.17-03.48.09:297][  0]MapCheck: New page: Map Check
[2021.06.17-03.48.09:297][  0]LightingResults: New page: Lighting Build
[2021.06.17-03.48.10:194][  0]LogAIModule: Creating AISystem for world ThirdPersonExampleMap
[2021.06.17-03.48.10:214][  0]LogEditorServer: Finished looking for orphan Actors (0.000 secs)
[2021.06.17-03.48.10:215][  0]Cmd: MAP CHECKDEP NOCLEARLOG
[2021.06.17-03.48.10:274][  0]MapCheck: Info Map check complete: 0 Error(s), 0 Warning(s), took 59.218ms to complete.
[2021.06.17-03.48.10:274][  0]LogFileHelpers: Loading map 'ThirdPersonExampleMap' took 0.989
[2021.06.17-03.48.10:478][  0]LogCollectionManager: Loaded 0 collections in 0.001779 seconds
[2021.06.17-03.48.10:537][  0]LogFileCache: Scanning file cache for directory 'C:/Users/Cris/Documents/Unreal Projects/MainMenu/Saved/Collections/' took 0.01s
[2021.06.17-03.48.10:537][  0]LogFileCache: Scanning file cache for directory 'C:/Users/Cris/Documents/Unreal Projects/MainMenu/Content/Developers/Cris/Collections/' took 0.01s
[2021.06.17-03.48.10:537][  0]LogFileCache: Scanning file cache for directory 'C:/Users/Cris/Documents/Unreal Projects/MainMenu/Content/Collections/' took 0.01s
[2021.06.17-03.48.10:537][  0]LogCollectionManager: Rebuilt the GUID cache for 0 collections in 0.000003 seconds
[2021.06.17-03.48.10:548][  0]LogContentBrowser: Native class hierarchy populated in 0.0093 seconds. Added 2141 classes and 415 folders.
[2021.06.17-03.48.10:555][  0]LogStats: UGameplayTagsManager::ConstructGameplayTagTree: Construct from data asset -  0.000 s
[2021.06.17-03.48.10:555][  0]LogStats: UGameplayTagsManager::ConstructGameplayTagTree: GameplayTagTreeChangedEvent.Broadcast -  0.000 s
[2021.06.17-03.48.10:556][  0]LogContentBrowser: Native class hierarchy updated for 'GameplayTags' in 0.0007 seconds. Added 12 classes and 0 folders.
[2021.06.17-03.48.10:561][  0]LogContentBrowser: Native class hierarchy updated for 'WidgetCarousel' in 0.0004 seconds. Added 0 classes and 0 folders.
[2021.06.17-03.48.10:975][  0]LogContentBrowser: Native class hierarchy updated for 'AddContentDialog' in 0.0005 seconds. Added 0 classes and 0 folders.
[2021.06.17-03.48.10:987][  0]LogContentBrowser: Native class hierarchy updated for 'SceneOutliner' in 0.0005 seconds. Added 1 classes and 2 folders.
[2021.06.17-03.48.11:033][  0]LogCrashTracker: Crashtracker disabled due to settings.
[2021.06.17-03.48.11:055][  0]LogUObjectGlobals:Warning: Failed to find object 'Class None.'
[2021.06.17-03.48.11:085][  0]LogContentBrowser: Native class hierarchy updated for 'HierarchicalLODOutliner' in 0.0005 seconds. Added 1 classes and 2 folders.
[2021.06.17-03.48.11:085][  0]LogLoad: (Engine Initialization) Total time: 8.54 seconds
[2021.06.17-03.48.11:085][  0]LogLoad: (Engine Initialization) Total Blueprint compile time: 0.16 seconds
[2021.06.17-03.48.11:085][  0]LogExternalProfiler: No external profilers were discovered.  External profiling features will not be available.
[2021.06.17-03.48.11:424][  0]LogOcInput: OculusInput pre-init called
[2021.06.17-03.48.11:447][  0]LogContentStreaming: Texture pool size now 1000 MB
[2021.06.17-03.48.11:714][  0]LogRenderer: Reallocating scene render targets to support 1208x576 (Frame:2).
[2021.06.17-03.48.11:864][  1]LogAssetRegistry: Asset discovery search completed in 4.9083 seconds
[2021.06.17-03.48.11:864][  1]LogCollectionManager: Rebuilt the object cache for 0 collections in 0.000001 seconds (found 0 objects)
[2021.06.17-03.48.11:864][  1]LogCollectionManager: Fixed up redirectors for 0 collections in 0.000020 seconds (updated 0 objects)
[2021.06.17-03.48.34:278][476]LogContentBrowser: Native class hierarchy updated for 'BlueprintGraph' in 0.0009 seconds. Added 112 classes and 0 folders.
[2021.06.17-03.48.50:047][782]LogBlueprintUserMessages: Early PlayInEditor Detection: Level '/Game/ThirdPersonBP/Maps/ThirdPersonExampleMap.ThirdPersonExampleMap:PersistentLevel' has LevelScriptBlueprint '/Game/ThirdPersonBP/Maps/ThirdPersonExampleMap.ThirdPersonExampleMap:PersistentLevel.ThirdPersonExampleMap' with GeneratedClass '/Game/ThirdPersonBP/Maps/ThirdPersonExampleMap.ThirdPersonExampleMap_C' with ClassGeneratedBy '/Game/ThirdPersonBP/Maps/ThirdPersonExampleMap.ThirdPersonExampleMap:PersistentLevel.ThirdPersonExampleMap'
[2021.06.17-03.48.50:048][782]LogPlayLevel: PlayLevel: No blueprints needed recompiling
[2021.06.17-03.48.50:050][782]PIE: New page: PIE session: ThirdPersonExampleMap (Jun 16, 2021, 6:48:50 PM)
[2021.06.17-03.48.50:050][782]LogPlayLevel: Creating play world package: /Game/ThirdPersonBP/Maps/UEDPIE_0_ThirdPersonExampleMap
[2021.06.17-03.48.50:073][782]LogPlayLevel: PIE: StaticDuplicateObject took: (0.023145s)
[2021.06.17-03.48.50:074][782]LogAIModule: Creating AISystem for world ThirdPersonExampleMap
[2021.06.17-03.48.50:075][782]LogPlayLevel: PIE: World Init took: (0.001622s)
[2021.06.17-03.48.50:076][782]LogPlayLevel: PIE: Created PIE world by copying editor world from /Game/ThirdPersonBP/Maps/ThirdPersonExampleMap.ThirdPersonExampleMap to /Game/ThirdPersonBP/Maps/UEDPIE_0_ThirdPersonExampleMap.ThirdPersonExampleMap (0.025548s)
[2021.06.17-03.48.50:110][782]LogInit: XAudio2 using 'SPDIF Interface (FX-AUDIO-DAC-X6)' : 2 channels at 48 kHz using 24 bits per sample (channel mask 0x3)
[2021.06.17-03.48.50:116][782]LogInit: FAudioDevice initialized.
[2021.06.17-03.48.50:225][782]LogWorld: Game class is 'ThirdPersonGameMode_C'
[2021.06.17-03.48.50:231][782]LogWorld: Bringing World /Game/ThirdPersonBP/Maps/UEDPIE_0_ThirdPersonExampleMap.ThirdPersonExampleMap up for play (max tick rate 0) at 2021.06.16-23.48.50
[2021.06.17-03.48.50:234][782]LogWorld: Bringing up level for play took: 0.006881
[2021.06.17-03.48.50:249][782]LogContentBrowser: Native class hierarchy updated for 'MovieSceneCapture' in 0.0006 seconds. Added 11 classes and 0 folders.
[2021.06.17-03.48.50:249][782]LogGameMode:Display: Match State Changed from EnteringMap to WaitingToStart
[2021.06.17-03.48.50:249][782]LogGameState: Match State Changed from EnteringMap to WaitingToStart
[2021.06.17-03.48.50:249][782]LogGameMode:Display: Match State Changed from WaitingToStart to InProgress
[2021.06.17-03.48.50:251][782]LogGameState: Match State Changed from WaitingToStart to InProgress
[2021.06.17-03.48.50:256][782]PIE: Info Play in editor start time for /Game/ThirdPersonBP/Maps/UEDPIE_0_ThirdPersonExampleMap 1.063
[2021.06.17-03.48.50:257][782]LogBlueprintUserMessages: Late PlayInEditor Detection: Level '/Game/ThirdPersonBP/Maps/ThirdPersonExampleMap.ThirdPersonExampleMap:PersistentLevel' has LevelScriptBlueprint '/Game/ThirdPersonBP/Maps/ThirdPersonExampleMap.ThirdPersonExampleMap:PersistentLevel.ThirdPersonExampleMap' with GeneratedClass '/Game/ThirdPersonBP/Maps/ThirdPersonExampleMap.ThirdPersonExampleMap_C' with ClassGeneratedBy '/Game/ThirdPersonBP/Maps/ThirdPersonExampleMap.ThirdPersonExampleMap:PersistentLevel.ThirdPersonExampleMap'
[2021.06.17-03.48.50:311][782]LogRenderer: Reallocating scene render targets to support 1292x756 (Frame:1251).
[2021.06.17-03.48.52:446][ 24]LogBlueprintUserMessages: Early EndPlayMap Detection: Level '/Game/ThirdPersonBP/Maps/ThirdPersonExampleMap.ThirdPersonExampleMap:PersistentLevel' has LevelScriptBlueprint '/Game/ThirdPersonBP/Maps/ThirdPersonExampleMap.ThirdPersonExampleMap:PersistentLevel.ThirdPersonExampleMap' with GeneratedClass '/Game/ThirdPersonBP/Maps/ThirdPersonExampleMap.ThirdPersonExampleMap_C' with ClassGeneratedBy '/Game/ThirdPersonBP/Maps/ThirdPersonExampleMap.ThirdPersonExampleMap:PersistentLevel.ThirdPersonExampleMap'
[2021.06.17-03.48.52:490][ 24]LogBlueprintUserMessages: Late EndPlayMap Detection: Level '/Game/ThirdPersonBP/Maps/ThirdPersonExampleMap.ThirdPersonExampleMap:PersistentLevel' has LevelScriptBlueprint '/Game/ThirdPersonBP/Maps/ThirdPersonExampleMap.ThirdPersonExampleMap:PersistentLevel.ThirdPersonExampleMap' with GeneratedClass '/Game/ThirdPersonBP/Maps/ThirdPersonExampleMap.ThirdPersonExampleMap_C' with ClassGeneratedBy '/Game/ThirdPersonBP/Maps/ThirdPersonExampleMap.ThirdPersonExampleMap:PersistentLevel.ThirdPersonExampleMap'
[2021.06.17-03.49.04:900][484]LogAIModule: Creating AISystem for world MainMenu
[2021.06.17-03.49.04:917][484]Cmd: MAP LOAD FILE="../../../../../../Users/Cris/Documents/Unreal Projects/MainMenu/Content/Levels/MainMenu.umap" TEMPLATE=0 SHOWPROGRESS=1 FEATURELEVEL=3
[2021.06.17-03.49.04:917][484]LightingResults: New page: Lighting Build
[2021.06.17-03.49.04:917][484]LoadErrors: New page: Loading map: MainMenu.umap
[2021.06.17-03.49.04:918][484]MapCheck: New page: Map Check
[2021.06.17-03.49.04:918][484]LightingResults: New page: Lighting Build
[2021.06.17-03.49.04:942][484]LogEditorServer: Finished looking for orphan Actors (0.000 secs)
[2021.06.17-03.49.04:955][484]Cmd: MAP CHECKDEP NOCLEARLOG
[2021.06.17-03.49.05:018][484]MapCheck: Info Map check complete: 0 Error(s), 0 Warning(s), took 62.976ms to complete.
[2021.06.17-03.49.05:018][484]LogFileHelpers: Loading map 'MainMenu' took 0.102
[2021.06.17-03.49.11:962][287]LogBlueprintUserMessages: Early PlayInEditor Detection: Level '/Game/Levels/MainMenu.MainMenu:PersistentLevel' has LevelScriptBlueprint '/Game/Levels/MainMenu.MainMenu:PersistentLevel.MainMenu' with GeneratedClass '/Game/Levels/MainMenu.MainMenu_C' with ClassGeneratedBy '/Game/Levels/MainMenu.MainMenu:PersistentLevel.MainMenu'
[2021.06.17-03.49.11:962][287]LogPlayLevel: PlayLevel: No blueprints needed recompiling
[2021.06.17-03.49.11:962][287]PIE: New page: PIE session: MainMenu (Jun 16, 2021, 6:49:11 PM)
[2021.06.17-03.49.11:962][287]LogPlayLevel: Creating play world package: /Game/Levels/UEDPIE_0_MainMenu
[2021.06.17-03.49.11:963][287]LogPlayLevel: PIE: StaticDuplicateObject took: (0.000784s)
[2021.06.17-03.49.11:963][287]LogAIModule: Creating AISystem for world MainMenu
[2021.06.17-03.49.11:963][287]LogPlayLevel: PIE: World Init took: (0.000687s)
[2021.06.17-03.49.11:964][287]LogPlayLevel: PIE: Created PIE world by copying editor world from /Game/Levels/MainMenu.MainMenu to /Game/Levels/UEDPIE_0_MainMenu.MainMenu (0.001646s)
[2021.06.17-03.49.11:982][287]LogInit: XAudio2 using 'SPDIF Interface (FX-AUDIO-DAC-X6)' : 2 channels at 48 kHz using 24 bits per sample (channel mask 0x3)
[2021.06.17-03.49.11:988][287]LogInit: FAudioDevice initialized.
[2021.06.17-03.49.12:054][287]LogWorld: Game class is 'ThirdPersonGameMode_C'
[2021.06.17-03.49.12:056][287]LogWorld: Bringing World /Game/Levels/UEDPIE_0_MainMenu.MainMenu up for play (max tick rate 0) at 2021.06.16-23.49.12
[2021.06.17-03.49.12:056][287]LogWorld: Bringing up level for play took: 0.001012
[2021.06.17-03.49.12:060][287]LogGameMode:Display: Match State Changed from EnteringMap to WaitingToStart
[2021.06.17-03.49.12:060][287]LogGameState: Match State Changed from EnteringMap to WaitingToStart
[2021.06.17-03.49.12:060][287]LogGameMode:Display: Match State Changed from WaitingToStart to InProgress
[2021.06.17-03.49.12:065][287]LogGameState: Match State Changed from WaitingToStart to InProgress
[2021.06.17-03.49.12:068][287]PIE: Info Play in editor start time for /Game/Levels/UEDPIE_0_MainMenu 0.875
[2021.06.17-03.49.12:069][287]LogBlueprintUserMessages: Late PlayInEditor Detection: Level '/Game/Levels/MainMenu.MainMenu:PersistentLevel' has LevelScriptBlueprint '/Game/Levels/MainMenu.MainMenu:PersistentLevel.MainMenu' with GeneratedClass '/Game/Levels/MainMenu.MainMenu_C' with ClassGeneratedBy '/Game/Levels/MainMenu.MainMenu:PersistentLevel.MainMenu'
[2021.06.17-03.53.36:458][739]LogActor:Warning: ThirdPersonCharacter_C_0 is outside the world bounds!
[2021.06.17-03.59.20:801][772]LogBlueprintUserMessages: Early EndPlayMap Detection: Level '/Game/Levels/MainMenu.MainMenu:PersistentLevel' has LevelScriptBlueprint '/Game/Levels/MainMenu.MainMenu:PersistentLevel.MainMenu' with GeneratedClass '/Game/Levels/MainMenu.MainMenu_C' with ClassGeneratedBy '/Game/Levels/MainMenu.MainMenu:PersistentLevel.MainMenu'
[2021.06.17-03.59.20:833][772]LogBlueprintUserMessages: Late EndPlayMap Detection: Level '/Game/Levels/MainMenu.MainMenu:PersistentLevel' has LevelScriptBlueprint '/Game/Levels/MainMenu.MainMenu:PersistentLevel.MainMenu' with GeneratedClass '/Game/Levels/MainMenu.MainMenu_C' with ClassGeneratedBy '/Game/Levels/MainMenu.MainMenu:PersistentLevel.MainMenu'
[2021.06.17-03.59.21:833][775]LogWindowsTextInputMethodSystem:Display: IME system now deactivated.
[2021.06.17-03.59.22:005][776]Cmd: QUIT_EDITOR
[2021.06.17-03.59.22:519][776]LogExit: Preparing to exit.
[2021.06.17-03.59.23:506][776]LogDirectoryWatcher: A directory notification for 'C:/Users/Cris/Documents/Unreal Projects/MainMenu/Content/' was aborted.
[2021.06.17-03.59.23:539][776]LogExit: Editor shut down
[2021.06.17-03.59.23:539][776]LogExit: Transaction tracking system shut down
[2021.06.17-03.59.23:691][776]LogObj: Freed 0b from 0 cluster array pools.
[2021.06.17-03.59.23:691][776]LogExit: Object subsystem successfully closed.
[2021.06.17-03.59.23:707][776]LogD3D12RHI: Serializing Pipeline Library to disk (4917 KiB containing 0 PSOs)
[2021.06.17-03.59.23:716][776]LogWindows: Windows GetLastError: The operation completed successfully. (0)
[2021.06.17-03.59.24:525][776]LogCrashTracker: 


[2021.06.17-03.59.24:525][776]LogCrashTracker: 


[2021.06.17-03.59.24:526][776]LogWindows:Error: === Critical error: ===
[2021.06.17-03.59.24:526][776]LogWindows:Error: 
[2021.06.17-03.59.24:526][776]LogWindows:Error: Assertion failed: Pool[i]->FastAllocBuffer->GetRefCount() == 1 [File:D:\Build\++UE4+Release-4.13+Compile\Sync\Engine\Source\Runtime\Windows\D3D12RHI\Private\D3D12Allocation.cpp] [Line: 1401] 
[2021.06.17-03.59.24:526][776]LogWindows:Error: 
[2021.06.17-03.59.24:526][776]LogWindows:Error: 
[2021.06.17-03.59.24:526][776]LogWindows:Error: 
[2021.06.17-03.59.24:526][776]LogWindows:Error: KERNELBASE.dll
[2021.06.17-03.59.24:526][776]LogWindows:Error: UE4Editor-Core.dll
[2021.06.17-03.59.24:526][776]LogWindows:Error: UE4Editor-Core.dll
[2021.06.17-03.59.24:526][776]LogWindows:Error: UE4Editor-Core.dll
[2021.06.17-03.59.24:526][776]LogWindows:Error: UE4Editor-D3D12RHI.dll
[2021.06.17-03.59.24:526][776]LogWindows:Error: UE4Editor-D3D12RHI.dll
[2021.06.17-03.59.24:526][776]LogWindows:Error: UE4Editor-D3D12RHI.dll
[2021.06.17-03.59.24:526][776]LogWindows:Error: UE4Editor-RHI.dll
[2021.06.17-03.59.24:526][776]LogWindows:Error: UE4Editor.exe
[2021.06.17-03.59.24:526][776]LogWindows:Error: UE4Editor.exe
[2021.06.17-03.59.24:526][776]LogWindows:Error: UE4Editor.exe
[2021.06.17-03.59.24:526][776]LogWindows:Error: UE4Editor.exe
[2021.06.17-03.59.24:526][776]LogWindows:Error: UE4Editor.exe
[2021.06.17-03.59.24:526][776]LogWindows:Error: UE4Editor.exe
[2021.06.17-03.59.24:526][776]LogWindows:Error: KERNEL32.DLL
[2021.06.17-03.59.24:526][776]LogWindows:Error: ntdll.dll
[2021.06.17-03.59.24:526][776]LogWindows:Error: ntdll.dll
[2021.06.17-03.59.24:526][776]LogWindows:Error: 
